      Year        Month    Ice_Cream_Sales       t     
 1      :12   1      : 8   Min.   : 1573   Min.   : 1  
 2      :12   2      : 8   1st Qu.: 3035   1st Qu.:24  
 3      :12   3      : 8   Median : 4001   Median :46  
 4      :12   4      : 8   Mean   : 4625   Mean   :46  
 5      :12   5      : 8   3rd Qu.: 5020   3rd Qu.:69  
 6      :12   6      : 8   Max.   :13916   Max.   :92  
 (Other):20   (Other):44                               

 ARIMA(2,0,2)(1,1,1)[12] with drift         : Inf
 ARIMA(0,0,0)(0,1,0)[12] with drift         : 1106
 ARIMA(1,0,0)(1,1,0)[12] with drift         : 1100
 ARIMA(0,0,1)(0,1,1)[12] with drift         : 1103
 ARIMA(0,0,0)(0,1,0)[12]                    : 1310
 ARIMA(1,0,0)(0,1,0)[12] with drift         : 1105
 ARIMA(1,0,0)(2,1,0)[12] with drift         : 1101
 ARIMA(1,0,0)(1,1,1)[12] with drift         : 1101
 ARIMA(1,0,0)(2,1,1)[12] with drift         : 1103
 ARIMA(0,0,0)(1,1,0)[12] with drift         : 1104
 ARIMA(2,0,0)(1,1,0)[12] with drift         : 1102
 ARIMA(1,0,1)(1,1,0)[12] with drift         : 1102
 ARIMA(2,0,1)(1,1,0)[12] with drift         : Inf
 ARIMA(1,0,0)(1,1,0)[12]                    : 1299

 Best model: ARIMA(1,0,0)(1,1,0)[12] with drift         


Call:
lm(formula = Ice_Cream_Sales ~ Year + as.integer(Month) + Month + 
    t, data = sales)

Residuals:
   Min     1Q Median     3Q    Max 
 -2183   -383      5    283   2354 

Coefficients: (2 not defined because of singularities)
                  Estimate Std. Error t value Pr(>|t|)    
(Intercept)         2137.8      372.8    5.73  2.1e-07 ***
Year2                398.0      321.6    1.24   0.2198    
Year3                871.5      321.6    2.71   0.0084 ** 
Year4               1549.8      321.6    4.82  7.6e-06 ***
Year5               1904.4      321.6    5.92  9.6e-08 ***
Year6               2247.3      321.6    6.99  1.1e-09 ***
Year7               1540.4      321.6    4.79  8.5e-06 ***
Year8               1840.9      364.6    5.05  3.2e-06 ***
as.integer(Month)     80.9       37.2    2.18   0.0329 *  
Month10             2146.3      393.2    5.46  6.3e-07 ***
Month11             4836.8      380.0   12.73  < 2e-16 ***
Month12             6853.5      370.1   18.52  < 2e-16 ***
Month2              -642.6      347.7   -1.85   0.0686 .  
Month3              -183.6      345.3   -0.53   0.5965    
Month4              -143.8      346.9   -0.41   0.6798    
Month5                12.0      352.5    0.03   0.9729    
Month6               -25.2      361.8   -0.07   0.9447    
Month7              -669.9      374.7   -1.79   0.0779 .  
Month8             -2556.2      390.6   -6.54  7.2e-09 ***
Month9                  NA         NA      NA       NA    
t                       NA         NA      NA       NA    
---
Signif. codes:  0 ‘***’ 0.001 ‘**’ 0.01 ‘*’ 0.05 ‘.’ 0.1 ‘ ’ 1

Residual standard error: 788 on 73 degrees of freedom
Multiple R-squared:  0.92,	Adjusted R-squared:   0.9 
F-statistic: 46.6 on 18 and 73 DF,  p-value: <2e-16

ETS(A,N,A) 

Call:
 ets(y = sales$Ice_Cream_Sales, model = "AZZ") 

  Smoothing parameters:
    alpha = 0.1841 
    gamma = 1e-04 

  Initial states:
    l = 4005.5711 
    s=5735 3678 905 -396 -2932 -1245
           -643 -646 -815 -906 -1531 -1204

  sigma:  820

 AIC AICc  BIC 
1678 1684 1714 

Training set error measures:
             ME RMSE MAE    MPE MAPE MASE ACF1
Training set 80  820 599 -0.048   15 0.91 0.26
             ME RMSE MAE    MPE MAPE MASE ACF1
Training set 80  820 599 -0.048   15 0.91 0.26
Series: sales$Ice_Cream_Sales 
ARIMA(1,0,0)(1,1,0)[12] with drift         

Coefficients:
       ar1   sar1  drift
      0.32  -0.34   25.4
s.e.  0.12   0.12    8.3

sigma^2 estimated as 632727:  log likelihood=-546
AIC=1100   AICc=1100   BIC=1109

Training set error measures:
              ME RMSE MAE  MPE MAPE MASE    ACF1
Training set 4.4  684 470 -3.8   12 0.71 -0.0071
              ME RMSE MAE  MPE MAPE MASE    ACF1
Training set 4.4  684 470 -3.8   12 0.71 -0.0071
null device 
          1 

	Box-Ljung test

data:  residuals(p2)
X-squared = 0.0048, df = 1, p-value = 0.945

              ME RMSE MAE  MPE MAPE MASE    ACF1
Training set 4.4  684 470 -3.8   12 0.71 -0.0071
null device 
          1 
      Point Forecast Lo 80 Hi 80 Lo 95 Hi 95 end_year_dates number_pints
Sep 8           5468  4448  6487  3909  7027     2015-09-01         5467
Oct 8           6936  5868  8005  5302  8571     2015-10-01         6936
Nov 8          10566  9492 11639  8924 12208     2015-11-01        10565
Dec 8          13769 12695 14843 12127 15412     2015-12-01        13769
