[1] "V[1] = rnorm( 1000 1 0.1 )"
[1] "V[2] = rnorm( 1000 5 0.1 )"
[1] "V[3] = rnorm( 1000 9 0.1 )"
------------------------------------------------------------------------
------------------------------------------------------------------------
------------------------------------------------------------------------
 num [1:1000, 1:3] 0.9682 0.4469 -1.7184 -1.2646 0.0799 ...
 - attr(*, "dimnames")=List of 2
  ..$ : chr [1:1000] "1" "2" "3" "4" ...
  ..$ : chr [1:3] "X1" "X2" "X3"
 - attr(*, "scaled:center")= Named num [1:3] 1.01 5 9
  ..- attr(*, "names")= chr [1:3] "X1" "X2" "X3"
 - attr(*, "scaled:scale")= Named num [1:3] 0.105 0.101 0.099
  ..- attr(*, "names")= chr [1:3] "X1" "X2" "X3"
[1] "USING RANDOM SAMPLES AS CENTROIDS"
[1] "PDF FILE: plot_clustering_methods_cluster_assignments.pdf shows cluster assignments at each iteration"
[1] "JCOST [CLUSTER:    c1, AT ITER=    1; A CLUSTER WITH   171 SAMPLES ASSIGNED] = 707.7432 --> JCOST (TOTAL) = 707.7432 WITHIN =   4.1388"
[1] "JCOST [CLUSTER:    c2, AT ITER=    1; A CLUSTER WITH   513 SAMPLES ASSIGNED] = 1250.0953 --> JCOST (TOTAL) = 1957.8385 WITHIN =   2.4368"
[1] "JCOST [CLUSTER:    c3, AT ITER=    1; A CLUSTER WITH   316 SAMPLES ASSIGNED] = 1099.2873 --> JCOST (TOTAL) = 3057.1258 WITHIN =   3.4788"
[1] "JCOST [OVERALL AT ITER=    1 ] =   3.0571"
------------------------------------------------------------------------



------------------------------------------------------------------------
[1] "ITER:  1   1 DELTA= 2.113;   2 DELTA=-0.011;   3 DELTA= 1.574; "
        ----------------------------------------------------------------
      X1    X2      X3
c1 -0.14  0.29  1.3483
c2 -0.59 -0.27 -0.4450
c3  1.04  0.27 -0.0073
        ----------------------------------------------------------------
[1] "JCOST [CLUSTER:    c1, AT ITER=    2; A CLUSTER WITH   241 SAMPLES ASSIGNED] =   5.6019 --> JCOST (TOTAL) =   5.6019 WITHIN =   0.0232"
[1] "JCOST [CLUSTER:    c2, AT ITER=    2; A CLUSTER WITH   443 SAMPLES ASSIGNED] =   2.5201 --> JCOST (TOTAL) =   8.1219 WITHIN =   0.0057"
[1] "JCOST [CLUSTER:    c3, AT ITER=    2; A CLUSTER WITH   316 SAMPLES ASSIGNED] =   0.0438 --> JCOST (TOTAL) =   8.1657 WITHIN =   0.0001"
[1] "JCOST [OVERALL AT ITER=    2 ] =   0.0082"
------------------------------------------------------------------------



------------------------------------------------------------------------
[1] "ITER:  2   1 DELTA= 0.630;   2 DELTA=-0.197;   3 DELTA= 0.220; "
        ----------------------------------------------------------------
      X1    X2    X3
c1 -0.15  0.21  1.23
c2 -0.63 -0.31 -0.53
c3  1.00  0.28 -0.19
        ----------------------------------------------------------------
[1] "JCOST [CLUSTER:    c1, AT ITER=    3; A CLUSTER WITH   290 SAMPLES ASSIGNED] =   1.2898 --> JCOST (TOTAL) =   1.2898 WITHIN =   0.0044"
[1] "JCOST [CLUSTER:    c2, AT ITER=    3; A CLUSTER WITH   399 SAMPLES ASSIGNED] =   2.5137 --> JCOST (TOTAL) =   3.8035 WITHIN =   0.0063"
[1] "JCOST [CLUSTER:    c3, AT ITER=    3; A CLUSTER WITH   311 SAMPLES ASSIGNED] =   1.9813 --> JCOST (TOTAL) =   5.7848 WITHIN =   0.0064"
[1] "JCOST [OVERALL AT ITER=    3 ] =   0.0058"
------------------------------------------------------------------------



------------------------------------------------------------------------
[1] "ITER:  3   1 DELTA= 0.357;   2 DELTA=-0.159;   3 DELTA= 0.031; "
        ----------------------------------------------------------------
       X1    X2    X3
c1 -0.096  0.17  1.13
c2 -0.689 -0.37 -0.56
c3  0.973  0.32 -0.33
        ----------------------------------------------------------------
[1] "JCOST [CLUSTER:    c1, AT ITER=    4; A CLUSTER WITH   317 SAMPLES ASSIGNED] =   1.4426 --> JCOST (TOTAL) =   1.4426 WITHIN =   0.0046"
[1] "JCOST [CLUSTER:    c2, AT ITER=    4; A CLUSTER WITH   374 SAMPLES ASSIGNED] =   2.3727 --> JCOST (TOTAL) =   3.8153 WITHIN =   0.0063"
[1] "JCOST [CLUSTER:    c3, AT ITER=    4; A CLUSTER WITH   309 SAMPLES ASSIGNED] =   2.3908 --> JCOST (TOTAL) =   6.2061 WITHIN =   0.0077"
[1] "JCOST [OVERALL AT ITER=    4 ] =   0.0062"
------------------------------------------------------------------------



------------------------------------------------------------------------
[1] "ITER:  4   1 DELTA= 0.166;   2 DELTA=-0.105;   3 DELTA= 0.004; "
        ----------------------------------------------------------------
       X1    X2    X3
c1 -0.055  0.13  1.07
c2 -0.733 -0.41 -0.57
c3  0.943  0.36 -0.42
        ----------------------------------------------------------------
[1] "JCOST [CLUSTER:    c1, AT ITER=    5; A CLUSTER WITH   332 SAMPLES ASSIGNED] =   1.5646 --> JCOST (TOTAL) =   1.5646 WITHIN =   0.0047"
[1] "JCOST [CLUSTER:    c2, AT ITER=    5; A CLUSTER WITH   354 SAMPLES ASSIGNED] =   2.2526 --> JCOST (TOTAL) =   3.8172 WITHIN =   0.0064"
[1] "JCOST [CLUSTER:    c3, AT ITER=    5; A CLUSTER WITH   314 SAMPLES ASSIGNED] =   2.6503 --> JCOST (TOTAL) =   6.4675 WITHIN =   0.0084"
[1] "JCOST [OVERALL AT ITER=    5 ] =   0.0065"
------------------------------------------------------------------------



------------------------------------------------------------------------
[1] "ITER:  5   1 DELTA= 0.085;   2 DELTA=-0.093;   3 DELTA= 0.035; "
        ----------------------------------------------------------------
       X1     X2    X3
c1 -0.026  0.091  1.05
c2 -0.765 -0.451 -0.57
c3  0.890  0.412 -0.47
        ----------------------------------------------------------------
[1] "JCOST [CLUSTER:    c1, AT ITER=    6; A CLUSTER WITH   336 SAMPLES ASSIGNED] =   1.6483 --> JCOST (TOTAL) =   1.6483 WITHIN =   0.0049"
[1] "JCOST [CLUSTER:    c2, AT ITER=    6; A CLUSTER WITH   344 SAMPLES ASSIGNED] =   2.1390 --> JCOST (TOTAL) =   3.7873 WITHIN =   0.0062"
[1] "JCOST [CLUSTER:    c3, AT ITER=    6; A CLUSTER WITH   320 SAMPLES ASSIGNED] =   2.8320 --> JCOST (TOTAL) =   6.6193 WITHIN =   0.0088"
[1] "JCOST [OVERALL AT ITER=    6 ] =   0.0066"
------------------------------------------------------------------------



------------------------------------------------------------------------
[1] "ITER:  6   1 DELTA= 0.024;   2 DELTA=-0.050;   3 DELTA= 0.034; "
        ----------------------------------------------------------------
        X1     X2    X3
c1  0.0012  0.069  1.05
c2 -0.7846 -0.482 -0.55
c3  0.8422  0.445 -0.51
        ----------------------------------------------------------------
[1] "JCOST [CLUSTER:    c1, AT ITER=    7; A CLUSTER WITH   339 SAMPLES ASSIGNED] =   1.7180 --> JCOST (TOTAL) =   1.7180 WITHIN =   0.0051"
[1] "JCOST [CLUSTER:    c2, AT ITER=    7; A CLUSTER WITH   339 SAMPLES ASSIGNED] =   2.0357 --> JCOST (TOTAL) =   3.7537 WITHIN =   0.0060"
[1] "JCOST [CLUSTER:    c3, AT ITER=    7; A CLUSTER WITH   322 SAMPLES ASSIGNED] =   2.9711 --> JCOST (TOTAL) =   6.7248 WITHIN =   0.0092"
[1] "JCOST [OVERALL AT ITER=    7 ] =   0.0067"
------------------------------------------------------------------------



------------------------------------------------------------------------
[1] "ITER:  7   1 DELTA= 0.016;   2 DELTA=-0.026;   3 DELTA= 0.012; "
        ----------------------------------------------------------------
       X1     X2    X3
c1  0.019  0.053  1.05
c2 -0.798 -0.487 -0.54
c3  0.819  0.456 -0.53
        ----------------------------------------------------------------
[1] "JCOST [CLUSTER:    c1, AT ITER=    8; A CLUSTER WITH   342 SAMPLES ASSIGNED] =   1.7661 --> JCOST (TOTAL) =   1.7661 WITHIN =   0.0052"
[1] "JCOST [CLUSTER:    c2, AT ITER=    8; A CLUSTER WITH   335 SAMPLES ASSIGNED] =   1.9951 --> JCOST (TOTAL) =   3.7612 WITHIN =   0.0060"
[1] "JCOST [CLUSTER:    c3, AT ITER=    8; A CLUSTER WITH   323 SAMPLES ASSIGNED] =   3.0442 --> JCOST (TOTAL) =   6.8054 WITHIN =   0.0094"
[1] "JCOST [OVERALL AT ITER=    8 ] =   0.0068"
------------------------------------------------------------------------



------------------------------------------------------------------------
[1] "ITER:  8   1 DELTA= 0.015;   2 DELTA=-0.021;   3 DELTA= 0.006; "
        ----------------------------------------------------------------
       X1     X2    X3
c1  0.037  0.039  1.04
c2 -0.812 -0.484 -0.54
c3  0.803  0.461 -0.54
        ----------------------------------------------------------------
[1] "JCOST [CLUSTER:    c1, AT ITER=    9; A CLUSTER WITH   342 SAMPLES ASSIGNED] =   1.8162 --> JCOST (TOTAL) =   1.8162 WITHIN =   0.0053"
[1] "JCOST [CLUSTER:    c2, AT ITER=    9; A CLUSTER WITH   334 SAMPLES ASSIGNED] =   1.9713 --> JCOST (TOTAL) =   3.7874 WITHIN =   0.0059"
[1] "JCOST [CLUSTER:    c3, AT ITER=    9; A CLUSTER WITH   324 SAMPLES ASSIGNED] =   3.0858 --> JCOST (TOTAL) =   6.8733 WITHIN =   0.0095"
[1] "JCOST [OVERALL AT ITER=    9 ] =   0.0069"
------------------------------------------------------------------------



------------------------------------------------------------------------
[1] "ITER:  9   1 DELTA= 0.000;   2 DELTA=-0.005;   3 DELTA= 0.005; "
        ----------------------------------------------------------------
       X1     X2    X3
c1  0.045  0.033  1.04
c2 -0.817 -0.486 -0.54
c3  0.795  0.466 -0.55
        ----------------------------------------------------------------
[1] "JCOST [CLUSTER:    c1, AT ITER=   10; A CLUSTER WITH   341 SAMPLES ASSIGNED] =   1.8357 --> JCOST (TOTAL) =   1.8357 WITHIN =   0.0054"
[1] "JCOST [CLUSTER:    c2, AT ITER=   10; A CLUSTER WITH   334 SAMPLES ASSIGNED] =   1.9497 --> JCOST (TOTAL) =   3.7853 WITHIN =   0.0058"
[1] "JCOST [CLUSTER:    c3, AT ITER=   10; A CLUSTER WITH   325 SAMPLES ASSIGNED] =   3.1132 --> JCOST (TOTAL) =   6.8986 WITHIN =   0.0096"
[1] "JCOST [OVERALL AT ITER=   10 ] =   0.0069"
------------------------------------------------------------------------



------------------------------------------------------------------------
[1] "ITER:  10   1 DELTA=-0.005;   2 DELTA=-0.000;   3 DELTA= 0.005; "
        ----------------------------------------------------------------
       X1     X2    X3
c1  0.054  0.032  1.05
c2 -0.820 -0.486 -0.53
c3  0.787  0.466 -0.55
        ----------------------------------------------------------------
[1] "JCOST [CLUSTER:    c1, AT ITER=   11; A CLUSTER WITH   342 SAMPLES ASSIGNED] =   1.8574 --> JCOST (TOTAL) =   1.8574 WITHIN =   0.0054"
[1] "JCOST [CLUSTER:    c2, AT ITER=   11; A CLUSTER WITH   334 SAMPLES ASSIGNED] =   1.9344 --> JCOST (TOTAL) =   3.7918 WITHIN =   0.0058"
[1] "JCOST [CLUSTER:    c3, AT ITER=   11; A CLUSTER WITH   324 SAMPLES ASSIGNED] =   3.1269 --> JCOST (TOTAL) =   6.9187 WITHIN =   0.0097"
[1] "JCOST [OVERALL AT ITER=   11 ] =   0.0069"
------------------------------------------------------------------------



------------------------------------------------------------------------
[1] "ITER:  11   1 DELTA= 0.005;   2 DELTA=-0.000;   3 DELTA=-0.005; "
        ----------------------------------------------------------------
       X1     X2    X3
c1  0.057  0.031  1.05
c2 -0.820 -0.486 -0.53
c3  0.785  0.468 -0.55
        ----------------------------------------------------------------
[1] "JCOST [CLUSTER:    c1, AT ITER=   12; A CLUSTER WITH   341 SAMPLES ASSIGNED] =   1.8686 --> JCOST (TOTAL) =   1.8686 WITHIN =   0.0055"
[1] "JCOST [CLUSTER:    c2, AT ITER=   12; A CLUSTER WITH   335 SAMPLES ASSIGNED] =   1.9344 --> JCOST (TOTAL) =   3.8029 WITHIN =   0.0058"
[1] "JCOST [CLUSTER:    c3, AT ITER=   12; A CLUSTER WITH   324 SAMPLES ASSIGNED] =   3.1395 --> JCOST (TOTAL) =   6.9425 WITHIN =   0.0097"
[1] "JCOST [OVERALL AT ITER=   12 ] =   0.0069"
------------------------------------------------------------------------



------------------------------------------------------------------------
[1] "ITER:  12   1 DELTA=-0.005;   2 DELTA= 0.006;   3 DELTA=-0.000; "
        ----------------------------------------------------------------
       X1    X2    X3
c1  0.064  0.03  1.05
c2 -0.824 -0.48 -0.53
c3  0.785  0.47 -0.55
        ----------------------------------------------------------------
[1] "JCOST [CLUSTER:    c1, AT ITER=   13; A CLUSTER WITH   344 SAMPLES ASSIGNED] =   1.8850 --> JCOST (TOTAL) =   1.8850 WITHIN =   0.0055"
[1] "JCOST [CLUSTER:    c2, AT ITER=   13; A CLUSTER WITH   334 SAMPLES ASSIGNED] =   1.9224 --> JCOST (TOTAL) =   3.8074 WITHIN =   0.0058"
[1] "JCOST [CLUSTER:    c3, AT ITER=   13; A CLUSTER WITH   322 SAMPLES ASSIGNED] =   3.1395 --> JCOST (TOTAL) =   6.9469 WITHIN =   0.0098"
[1] "JCOST [OVERALL AT ITER=   13 ] =   0.0069"
------------------------------------------------------------------------



------------------------------------------------------------------------
[1] "ITER:  13   1 DELTA= 0.015;   2 DELTA=-0.006;   3 DELTA=-0.010; "
        ----------------------------------------------------------------
       X1     X2    X3
c1  0.075  0.025  1.04
c2 -0.825 -0.487 -0.52
c3  0.776  0.478 -0.57
        ----------------------------------------------------------------
[1] "JCOST [CLUSTER:    c1, AT ITER=   14; A CLUSTER WITH   347 SAMPLES ASSIGNED] =   1.9187 --> JCOST (TOTAL) =   1.9187 WITHIN =   0.0055"
[1] "JCOST [CLUSTER:    c2, AT ITER=   14; A CLUSTER WITH   332 SAMPLES ASSIGNED] =   1.9106 --> JCOST (TOTAL) =   3.8292 WITHIN =   0.0058"
[1] "JCOST [CLUSTER:    c3, AT ITER=   14; A CLUSTER WITH   321 SAMPLES ASSIGNED] =   3.1878 --> JCOST (TOTAL) =   7.0170 WITHIN =   0.0099"
[1] "JCOST [OVERALL AT ITER=   14 ] =   0.0070"
------------------------------------------------------------------------



------------------------------------------------------------------------
[1] "ITER:  14   1 DELTA= 0.015;   2 DELTA=-0.011;   3 DELTA=-0.005; "
        ----------------------------------------------------------------
       X1    X2    X3
c1  0.079  0.02  1.03
c2 -0.828 -0.49 -0.52
c3  0.771  0.49 -0.58
        ----------------------------------------------------------------
[1] "JCOST [CLUSTER:    c1, AT ITER=   15; A CLUSTER WITH   348 SAMPLES ASSIGNED] =   1.9361 --> JCOST (TOTAL) =   1.9361 WITHIN =   0.0056"
[1] "JCOST [CLUSTER:    c2, AT ITER=   15; A CLUSTER WITH   331 SAMPLES ASSIGNED] =   1.9010 --> JCOST (TOTAL) =   3.8371 WITHIN =   0.0057"
[1] "JCOST [CLUSTER:    c3, AT ITER=   15; A CLUSTER WITH   321 SAMPLES ASSIGNED] =   3.2178 --> JCOST (TOTAL) =   7.0549 WITHIN =   0.0100"
[1] "JCOST [OVERALL AT ITER=   15 ] =   0.0071"
------------------------------------------------------------------------



------------------------------------------------------------------------
[1] "ITER:  15   1 DELTA= 0.005;   2 DELTA=-0.005;   3 DELTA=-0.000; "
        ----------------------------------------------------------------
       X1     X2    X3
c1  0.082  0.019  1.03
c2 -0.831 -0.491 -0.52
c3  0.768  0.486 -0.58
        ----------------------------------------------------------------
[1] "JCOST [CLUSTER:    c1, AT ITER=   16; A CLUSTER WITH   348 SAMPLES ASSIGNED] =   1.9447 --> JCOST (TOTAL) =   1.9447 WITHIN =   0.0056"
[1] "JCOST [CLUSTER:    c2, AT ITER=   16; A CLUSTER WITH   330 SAMPLES ASSIGNED] =   1.8913 --> JCOST (TOTAL) =   3.8361 WITHIN =   0.0057"
[1] "JCOST [CLUSTER:    c3, AT ITER=   16; A CLUSTER WITH   322 SAMPLES ASSIGNED] =   3.2356 --> JCOST (TOTAL) =   7.0716 WITHIN =   0.0100"
[1] "JCOST [OVERALL AT ITER=   16 ] =   0.0071"
------------------------------------------------------------------------



------------------------------------------------------------------------
[1] "ITER:  16   1 DELTA= 0.000;   2 DELTA=-0.005;   3 DELTA= 0.005; "
        ----------------------------------------------------------------
       X1     X2    X3
c1  0.082  0.019  1.03
c2 -0.833 -0.493 -0.52
c3  0.766  0.485 -0.58
        ----------------------------------------------------------------
[1] "JCOST [CLUSTER:    c1, AT ITER=   17; A CLUSTER WITH   348 SAMPLES ASSIGNED] =   1.9447 --> JCOST (TOTAL) =   1.9447 WITHIN =   0.0056"
[1] "JCOST [CLUSTER:    c2, AT ITER=   17; A CLUSTER WITH   329 SAMPLES ASSIGNED] =   1.8837 --> JCOST (TOTAL) =   3.8285 WITHIN =   0.0057"
[1] "JCOST [CLUSTER:    c3, AT ITER=   17; A CLUSTER WITH   323 SAMPLES ASSIGNED] =   3.2396 --> JCOST (TOTAL) =   7.0681 WITHIN =   0.0100"
[1] "JCOST [OVERALL AT ITER=   17 ] =   0.0071"
------------------------------------------------------------------------



------------------------------------------------------------------------
[1] "ITER:  17   1 DELTA= 0.000;   2 DELTA=-0.006;   3 DELTA= 0.005; "
        ----------------------------------------------------------------
       X1     X2    X3
c1  0.082  0.019  1.03
c2 -0.835 -0.496 -0.52
c3  0.762  0.485 -0.58
        ----------------------------------------------------------------
[1] "JCOST [CLUSTER:    c1, AT ITER=   18; A CLUSTER WITH   349 SAMPLES ASSIGNED] =   1.9447 --> JCOST (TOTAL) =   1.9447 WITHIN =   0.0056"
[1] "JCOST [CLUSTER:    c2, AT ITER=   18; A CLUSTER WITH   327 SAMPLES ASSIGNED] =   1.8800 --> JCOST (TOTAL) =   3.8248 WITHIN =   0.0057"
[1] "JCOST [CLUSTER:    c3, AT ITER=   18; A CLUSTER WITH   324 SAMPLES ASSIGNED] =   3.2360 --> JCOST (TOTAL) =   7.0608 WITHIN =   0.0100"
[1] "JCOST [OVERALL AT ITER=   18 ] =   0.0071"
------------------------------------------------------------------------



------------------------------------------------------------------------
[1] "ITER:  18   1 DELTA= 0.005;   2 DELTA=-0.011;   3 DELTA= 0.005; "
        ----------------------------------------------------------------
       X1     X2    X3
c1  0.081  0.018  1.03
c2 -0.837 -0.501 -0.52
c3  0.757  0.487 -0.58
        ----------------------------------------------------------------
[1] "JCOST [CLUSTER:    c1, AT ITER=   19; A CLUSTER WITH   349 SAMPLES ASSIGNED] =   1.9444 --> JCOST (TOTAL) =   1.9444 WITHIN =   0.0056"
[1] "JCOST [CLUSTER:    c2, AT ITER=   19; A CLUSTER WITH   325 SAMPLES ASSIGNED] =   1.8703 --> JCOST (TOTAL) =   3.8148 WITHIN =   0.0058"
[1] "JCOST [CLUSTER:    c3, AT ITER=   19; A CLUSTER WITH   326 SAMPLES ASSIGNED] =   3.2462 --> JCOST (TOTAL) =   7.0609 WITHIN =   0.0100"
[1] "JCOST [OVERALL AT ITER=   19 ] =   0.0071"
------------------------------------------------------------------------



------------------------------------------------------------------------
[1] "ITER:  19   1 DELTA= 0.001;   2 DELTA=-0.011;   3 DELTA= 0.011; "
        ----------------------------------------------------------------
       X1     X2    X3
c1  0.081  0.018  1.03
c2 -0.843 -0.503 -0.52
c3  0.753  0.483 -0.58
        ----------------------------------------------------------------
[1] "JCOST [CLUSTER:    c1, AT ITER=   20; A CLUSTER WITH   349 SAMPLES ASSIGNED] =   1.9444 --> JCOST (TOTAL) =   1.9444 WITHIN =   0.0056"
[1] "JCOST [CLUSTER:    c2, AT ITER=   20; A CLUSTER WITH   324 SAMPLES ASSIGNED] =   1.8586 --> JCOST (TOTAL) =   3.8031 WITHIN =   0.0057"
[1] "JCOST [CLUSTER:    c3, AT ITER=   20; A CLUSTER WITH   327 SAMPLES ASSIGNED] =   3.2460 --> JCOST (TOTAL) =   7.0491 WITHIN =   0.0099"
[1] "JCOST [OVERALL AT ITER=   20 ] =   0.0070"
------------------------------------------------------------------------



------------------------------------------------------------------------
[1] "ITER:  20   1 DELTA= 0.000;   2 DELTA=-0.005;   3 DELTA= 0.005; "
        ----------------------------------------------------------------
       X1     X2    X3
c1  0.081  0.018  1.03
c2 -0.845 -0.504 -0.52
c3  0.751  0.481 -0.59
        ----------------------------------------------------------------
[1] "JCOST [CLUSTER:    c1, AT ITER=   21; A CLUSTER WITH   349 SAMPLES ASSIGNED] =   1.9444 --> JCOST (TOTAL) =   1.9444 WITHIN =   0.0056"
[1] "JCOST [CLUSTER:    c2, AT ITER=   21; A CLUSTER WITH   324 SAMPLES ASSIGNED] =   1.8446 --> JCOST (TOTAL) =   3.7890 WITHIN =   0.0057"
[1] "JCOST [CLUSTER:    c3, AT ITER=   21; A CLUSTER WITH   327 SAMPLES ASSIGNED] =   3.2626 --> JCOST (TOTAL) =   7.0516 WITHIN =   0.0100"
[1] "JCOST [OVERALL AT ITER=   21 ] =   0.0071"
------------------------------------------------------------------------



------------------------------------------------------------------------
[1] "ITER:  21   1 DELTA= 0.000;   2 DELTA= 0.000;   3 DELTA= 0.000; "
        ----------------------------------------------------------------
       X1     X2    X3
c1  0.081  0.018  1.03
c2 -0.845 -0.504 -0.52
c3  0.751  0.481 -0.59
        ----------------------------------------------------------------
------------------------------------------------------------------------



------------------------------------------------------------------------
[1] "CONVERGED (CENTROID MOVEMENT): ITER=    21 DELTA=  0.0000   0.0071 [EPSILON=0.001]"
[2] "CONVERGED (CENTROID MOVEMENT): ITER=    21 DELTA=  0.0000   0.0071 [EPSILON=0.001]"
[3] "CONVERGED (CENTROID MOVEMENT): ITER=    21 DELTA=  0.0000   0.0071 [EPSILON=0.001]"
    X1 X2  X3
c1 1.0  1 1.1
c2 4.9  5 5.0
c3 9.1  9 8.9
------------------------------------------------------------------------
------------------------------------------------------------------------
------------------------------------------------------------------------
[1] "PDF FILE: plot_clustering_methods_diagnostics.pdf provides with detailed diagnostics plots"
------------------------------------------------------------------------
------------------------------------------------------------------------
------------------------------------------------------------------------
------------------------------------------------------------------------
------------------------------------------------------------------------
------------------------------------------------------------------------
K-means clustering with 3 clusters of sizes 339, 336, 325

Cluster means:
         X1       X2       X3
1 1.0795612 5.060902 8.946752
2 0.9067746 4.968348 8.955024
3 1.0297687 4.978691 9.099034

Clustering vector:
   1    2    3    4    5    6    7    8    9   10   11   12   13   14   15   16 
   1    1    2    3    1    2    3    3    3    1    1    3    3    1    2    1 
  17   18   19   20   21   22   23   24   25   26   27   28   29   30   31   32 
   1    2    3    1    2    3    2    1    3    3    1    2    3    2    3    3 
  33   34   35   36   37   38   39   40   41   42   43   44   45   46   47   48 
   2    3    1    1    3    2    1    1    2    1    1    3    2    2    3    2 
  49   50   51   52   53   54   55   56   57   58   59   60   61   62   63   64 
   3    2    2    3    3    3    2    1    3    3    3    2    1    3    2    3 
  65   66   67   68   69   70   71   72   73   74   75   76   77   78   79   80 
   1    1    2    1    3    1    1    2    1    1    3    3    3    3    2    2 
  81   82   83   84   85   86   87   88   89   90   91   92   93   94   95   96 
   2    3    1    2    2    2    2    1    2    3    1    2    3    2    2    3 
  97   98   99  100  101  102  103  104  105  106  107  108  109  110  111  112 
   3    2    1    3    3    2    2    1    1    2    2    1    1    2    2    2 
 113  114  115  116  117  118  119  120  121  122  123  124  125  126  127  128 
   2    3    3    2    2    2    3    2    2    1    3    2    1    2    3    2 
 129  130  131  132  133  134  135  136  137  138  139  140  141  142  143  144 
   1    3    2    1    1    2    3    3    3    2    2    3    3    1    2    2 
 145  146  147  148  149  150  151  152  153  154  155  156  157  158  159  160 
   2    2    2    3    3    3    3    2    1    2    3    1    2    2    1    1 
 161  162  163  164  165  166  167  168  169  170  171  172  173  174  175  176 
   2    1    3    3    2    3    2    3    2    2    1    3    1    1    1    2 
 177  178  179  180  181  182  183  184  185  186  187  188  189  190  191  192 
   2    1    3    3    1    2    3    3    1    2    1    2    3    1    2    1 
 193  194  195  196  197  198  199  200  201  202  203  204  205  206  207  208 
   2    3    1    3    1    2    1    1    3    1    3    1    3    3    2    1 
 209  210  211  212  213  214  215  216  217  218  219  220  221  222  223  224 
   2    1    3    3    2    1    3    1    2    2    2    3    2    2    2    2 
 225  226  227  228  229  230  231  232  233  234  235  236  237  238  239  240 
   3    1    3    1    3    3    2    3    3    2    3    1    3    3    3    1 
 241  242  243  244  245  246  247  248  249  250  251  252  253  254  255  256 
   3    3    2    1    1    1    2    2    1    3    3    1    3    3    3    2 
 257  258  259  260  261  262  263  264  265  266  267  268  269  270  271  272 
   1    1    2    2    3    3    2    3    1    3    2    1    3    1    3    3 
 273  274  275  276  277  278  279  280  281  282  283  284  285  286  287  288 
   1    1    1    2    3    2    2    1    2    1    2    2    3    3    1    1 
 289  290  291  292  293  294  295  296  297  298  299  300  301  302  303  304 
   2    1    1    1    2    3    1    3    3    1    1    1    2    2    1    1 
 305  306  307  308  309  310  311  312  313  314  315  316  317  318  319  320 
   3    1    3    3    1    1    3    2    3    3    2    1    2    1    2    2 
 321  322  323  324  325  326  327  328  329  330  331  332  333  334  335  336 
   2    3    3    2    1    1    3    2    1    2    1    2    1    2    2    1 
 337  338  339  340  341  342  343  344  345  346  347  348  349  350  351  352 
   3    3    2    3    2    1    3    3    1    3    1    1    1    2    2    2 
 353  354  355  356  357  358  359  360  361  362  363  364  365  366  367  368 
   3    2    1    3    2    3    3    1    2    1    1    1    2    3    3    2 
 369  370  371  372  373  374  375  376  377  378  379  380  381  382  383  384 
   1    1    1    2    3    3    3    2    3    2    3    2    2    1    2    3 
 385  386  387  388  389  390  391  392  393  394  395  396  397  398  399  400 
   2    2    3    2    1    1    1    1    2    2    1    1    3    2    3    2 
 401  402  403  404  405  406  407  408  409  410  411  412  413  414  415  416 
   1    1    3    1    2    1    3    1    1    2    1    2    1    3    3    1 
 417  418  419  420  421  422  423  424  425  426  427  428  429  430  431  432 
   3    2    1    1    3    1    2    1    2    3    1    3    1    1    3    1 
 433  434  435  436  437  438  439  440  441  442  443  444  445  446  447  448 
   3    2    1    3    2    3    2    1    1    3    2    3    3    1    1    2 
 449  450  451  452  453  454  455  456  457  458  459  460  461  462  463  464 
   1    1    3    1    3    2    2    3    1    3    2    1    2    3    3    3 
 465  466  467  468  469  470  471  472  473  474  475  476  477  478  479  480 
   1    1    3    2    1    1    2    3    1    1    1    2    2    1    1    2 
 481  482  483  484  485  486  487  488  489  490  491  492  493  494  495  496 
   2    1    3    3    1    1    1    3    3    3    3    1    3    1    3    3 
 497  498  499  500  501  502  503  504  505  506  507  508  509  510  511  512 
   1    3    3    3    1    3    2    2    3    1    1    2    3    3    1    1 
 513  514  515  516  517  518  519  520  521  522  523  524  525  526  527  528 
   1    2    1    1    2    1    3    1    2    1    1    1    3    1    3    2 
 529  530  531  532  533  534  535  536  537  538  539  540  541  542  543  544 
   1    2    2    1    2    3    2    2    1    2    2    1    1    3    3    2 
 545  546  547  548  549  550  551  552  553  554  555  556  557  558  559  560 
   1    2    2    2    1    1    1    3    2    2    2    3    1    1    2    2 
 561  562  563  564  565  566  567  568  569  570  571  572  573  574  575  576 
   2    2    2    3    3    3    1    1    2    1    1    2    2    2    1    3 
 577  578  579  580  581  582  583  584  585  586  587  588  589  590  591  592 
   2    2    2    2    2    2    2    1    3    2    2    3    1    3    2    3 
 593  594  595  596  597  598  599  600  601  602  603  604  605  606  607  608 
   1    1    3    3    2    2    3    2    3    1    2    3    1    1    3    3 
 609  610  611  612  613  614  615  616  617  618  619  620  621  622  623  624 
   3    1    2    2    1    1    2    1    2    3    1    3    2    1    1    3 
 625  626  627  628  629  630  631  632  633  634  635  636  637  638  639  640 
   1    2    3    2    2    1    3    2    1    3    2    3    2    2    1    2 
 641  642  643  644  645  646  647  648  649  650  651  652  653  654  655  656 
   3    2    3    3    3    1    1    3    1    2    2    2    2    3    2    2 
 657  658  659  660  661  662  663  664  665  666  667  668  669  670  671  672 
   1    1    2    3    3    3    1    1    2    1    3    2    3    1    2    2 
 673  674  675  676  677  678  679  680  681  682  683  684  685  686  687  688 
   3    2    2    3    3    2    3    3    2    3    1    1    1    2    1    2 
 689  690  691  692  693  694  695  696  697  698  699  700  701  702  703  704 
   1    3    3    1    2    3    3    3    1    1    1    1    3    1    1    2 
 705  706  707  708  709  710  711  712  713  714  715  716  717  718  719  720 
   2    3    2    1    3    3    1    1    2    2    1    1    1    3    1    1 
 721  722  723  724  725  726  727  728  729  730  731  732  733  734  735  736 
   2    3    1    2    1    3    1    1    1    2    2    1    3    3    3    3 
 737  738  739  740  741  742  743  744  745  746  747  748  749  750  751  752 
   3    1    1    2    2    2    1    3    3    3    1    3    1    2    2    1 
 753  754  755  756  757  758  759  760  761  762  763  764  765  766  767  768 
   1    1    2    3    3    2    2    2    3    2    3    1    1    2    2    3 
 769  770  771  772  773  774  775  776  777  778  779  780  781  782  783  784 
   3    2    2    1    3    1    2    1    1    2    1    1    3    1    3    1 
 785  786  787  788  789  790  791  792  793  794  795  796  797  798  799  800 
   2    1    2    1    1    2    2    1    3    2    3    2    1    2    3    1 
 801  802  803  804  805  806  807  808  809  810  811  812  813  814  815  816 
   3    1    3    2    2    1    1    1    3    3    2    1    2    3    3    1 
 817  818  819  820  821  822  823  824  825  826  827  828  829  830  831  832 
   1    3    2    3    3    2    3    3    3    2    1    1    3    1    2    1 
 833  834  835  836  837  838  839  840  841  842  843  844  845  846  847  848 
   2    2    3    1    1    1    3    2    3    1    3    1    2    2    3    1 
 849  850  851  852  853  854  855  856  857  858  859  860  861  862  863  864 
   2    1    2    3    3    1    3    3    3    3    3    3    2    2    1    2 
 865  866  867  868  869  870  871  872  873  874  875  876  877  878  879  880 
   1    2    3    3    1    2    2    3    3    2    2    1    3    1    2    2 
 881  882  883  884  885  886  887  888  889  890  891  892  893  894  895  896 
   1    1    2    2    2    1    2    2    2    2    3    3    3    3    2    1 
 897  898  899  900  901  902  903  904  905  906  907  908  909  910  911  912 
   1    2    3    3    1    1    3    1    1    3    3    3    2    3    1    3 
 913  914  915  916  917  918  919  920  921  922  923  924  925  926  927  928 
   1    2    1    3    1    2    2    1    2    3    3    1    3    3    1    1 
 929  930  931  932  933  934  935  936  937  938  939  940  941  942  943  944 
   2    3    2    3    3    2    1    1    3    2    2    2    3    1    2    3 
 945  946  947  948  949  950  951  952  953  954  955  956  957  958  959  960 
   1    3    3    1    3    3    3    3    1    2    2    1    1    1    2    3 
 961  962  963  964  965  966  967  968  969  970  971  972  973  974  975  976 
   2    3    2    2    1    3    1    2    2    2    2    2    3    2    1    3 
 977  978  979  980  981  982  983  984  985  986  987  988  989  990  991  992 
   2    1    2    1    1    1    1    1    2    2    1    3    3    2    1    2 
 993  994  995  996  997  998  999 1000 
   2    1    1    3    3    2    2    3 

Within cluster sum of squares by cluster:
[1] 6.589217 6.683280 5.969339
 (between_SS / total_SS =  38.2 %)

Available components:

[1] "cluster"      "centers"      "totss"        "withinss"     "tot.withinss"
[6] "betweenss"    "size"         "iter"         "ifault"      
[1] 31.12698
------------------------------------------------------------------------
------------------------------------------------------------------------
------------------------------------------------------------------------



------------------------------------------------------------------------
------------------------------------------------------------------------
------------------------------------------------------------------------
