



















------------------------------------------------------------------------
ntries  min_k  avg_k  med_k  std_k  q.75%  max_k 
     5      7      7      7      0      7      7 
[1] "scaling_transform"                "gaussian_probabilities_transform"
[3] "pca_transform"                    "euclidean distances"             
[1] 1563
        x1    x2   x3    x4    x5    x6    x7    x8
1830 0.844 -2.53 4.68  9.78 -2.80 -3.36 0.698 -6.34
1563 1.368  2.12 4.30 -8.17  6.07 -2.29 3.044 -6.28

       [,1]  [,2] [,3]  [,4]   [,5]  [,6]  [,7]
1830 -0.564 0.815 1.60 0.758 -0.152 0.629 0.151
1563 -0.571 0.772 1.57 0.776 -0.200 0.644 0.169
------------------------------------------------------------------------

[1] 2884
         x1    x2    x3    x4    x5    x6    x7     x8
446  -1.635 -1.50 -1.46 -4.21 10.41 -8.11 -3.85 -0.525
2884  0.309  3.31 -0.82  5.74 -4.59 13.68 -2.17  4.863

       [,1]  [,2] [,3]  [,4]    [,5]  [,6]  [,7]
446  -0.779 0.922 1.59 0.477 -0.0449 0.703 0.227
2884 -0.754 0.944 1.50 0.469 -0.0437 0.611 0.179
------------------------------------------------------------------------

[1] 2893
        x1     x2    x3    x4    x5    x6    x7   x8
2944 -3.61 -1.095  3.69  5.69  8.43 1.379  6.82 4.75
2893  3.63  0.775 -0.35 -4.57 -3.34 0.203 -4.16 5.00

       [,1]  [,2] [,3]  [,4]   [,5]  [,6]  [,7]
2944 -0.879 0.701 1.43 0.556 -0.182 0.629 0.369
2893 -0.834 0.736 1.40 0.612 -0.167 0.668 0.360
------------------------------------------------------------------------

[1] 1413
        x1     x2    x3    x4    x5    x6      x7     x8
138  -5.70 -3.594 -1.40 3.589 -5.97 -5.25 -0.0764 -0.248
1413 -4.63 -0.666  5.39 0.199  8.89 12.12  2.9152  0.735

       [,1] [,2] [,3]  [,4]     [,5]  [,6]  [,7]
138  -0.955 1.00 1.47 0.596 -0.03012 0.601 0.208
1413 -0.912 1.02 1.44 0.488 -0.00729 0.660 0.160
------------------------------------------------------------------------

[1] 1578
        x1    x2    x3    x4       x5    x6    x7    x8
2931 -3.31 -1.46 4.669 -2.61 -0.00491 0.888 -8.87 -5.38
1578  2.34 -2.01 0.369 -3.24  0.34253 4.245 12.10 -5.05

       [,1]  [,2] [,3]  [,4]   [,5]  [,6]   [,7]
2931 -0.866 0.544 1.46 0.729 -0.223 0.846 0.1105
1578 -0.818 0.519 1.46 0.685 -0.280 0.816 0.0957
------------------------------------------------------------------------

[1] 192
        x1    x2   x3    x4    x5    x6    x7    x8
2138 -2.36 -2.92 4.18 -2.10 -2.06 -3.66  1.76 1.153
192   1.19  4.39 3.04 -2.83  5.40 -5.11 -1.11 0.993

       [,1]  [,2] [,3]  [,4]    [,5]  [,6]  [,7]
2138 -0.777 0.844 1.32 0.569 -0.0799 0.569 0.165
192  -0.756 0.843 1.34 0.551 -0.1441 0.537 0.115
------------------------------------------------------------------------

[1] 1041
         x1    x2     x3    x4    x5    x6    x7    x8
328   0.633 -8.08 -0.173  3.51 -0.54 -4.39 -3.34  8.77
1041 -1.334  7.71  4.284 -1.56 -2.03 -3.44  4.79 -2.19

       [,1]  [,2] [,3]  [,4]    [,5]  [,6]    [,7]
328  -0.851 0.732 1.44 0.701 -0.1186 0.560 -0.0194
1041 -0.870 0.744 1.46 0.686 -0.0939 0.517  0.0566
------------------------------------------------------------------------

[1] 1456
        x1    x2   x3    x4       x5   x6    x7   x8
2697 -2.53 -5.11 2.01  4.71 -0.00956 3.29 -4.19 4.49
1456 -1.58  5.70 2.09 -2.87  0.55798 4.20 -5.68 4.18

       [,1]  [,2] [,3]  [,4]   [,5]  [,6]  [,7]
2697 -0.871 0.642 1.26 0.654 -0.226 0.573 0.205
1456 -0.874 0.603 1.27 0.637 -0.236 0.597 0.192
------------------------------------------------------------------------

[1] 783
        x1     x2    x3   x4    x5    x6     x7   x8
2474 -1.54 -2.728  4.60 3.86 0.203 -4.54  2.527 3.91
783   1.46 -0.166 -0.95 4.57 0.473 -4.04 -0.492 2.88

       [,1]  [,2] [,3]  [,4]    [,5]  [,6]  [,7]
2474 -0.739 0.832 1.25 0.576 -0.0595 0.628 0.104
783  -0.696 0.821 1.24 0.578 -0.0450 0.668 0.140
------------------------------------------------------------------------

[1] 1469
        x1   x2    x3   x4   x5    x6    x7    x8
1956 1.446 5.00 -1.32 7.61 1.58 0.461 -5.55 1.490
1469 0.975 5.21 -1.51 5.86 3.05 4.208  7.01 0.947

       [,1]  [,2] [,3]  [,4]    [,5]  [,6]  [,7]
1956 -0.802 0.639 1.29 0.746 -0.1438 0.714 0.287
1469 -0.818 0.631 1.30 0.721 -0.0832 0.684 0.229
------------------------------------------------------------------------

                event usertime cputime systime delta
1               START    2.788   0.241   9.988 0.000
2               START    2.792   0.241   9.992 0.004
3       PREPROCESSING    2.805   0.241  10.006 0.014
4             SCALING    2.813   0.242  10.015 0.009
5      GUASSIAN PROBS    2.824   0.242  10.026 0.011
6                 PCA    3.597   0.253  10.814 0.788
7 EUCLIDEAN DISTANCES    5.335   0.463  12.772 1.958
