------------------------------------------------------------------------
------------------------------------------------------------------------
        ----------------------------------------------------------------
[1] "DF STATS: 144x3 [data.frame w/ 3 elems]"

------------------------------------------------------------------------
 Sex         Bwt            Hwt       
 F:47   Min.   :2.00   Min.   : 6.30  
 M:97   1st Qu.:2.30   1st Qu.: 8.95  
        Median :2.70   Median :10.10  
        Mean   :2.72   Mean   :10.63  
        3rd Qu.:3.02   3rd Qu.:12.12  
        Max.   :3.90   Max.   :20.50  
------------------------------------------------------------------------

------------------------------------------------------------------------
[1] "FORMULA:"
[1] "Hwt ~  Bwt "

------------------------------------------------------------------------
[1] "VERIFY: LINEAR_MODEL_ASSUMPTIONS"
------------------------------------------------------------------------
------------------------------------------------------------------------
[1] "WRT SAMPLES:"
[1] "Bwt"
[1] "ARE_SAMPLES_MEANINGFULLY_CORRELATED?"
[1] "(TRUE,        0): ACCEPT H1: where H1 is, that true correlation [Pearson's product-moment correlation,two.sided] is NOT equal to 0"
------------------------------------------------------------------------
[1] "WRT RESIDUALS:"
[1] "COULD_THIS_VALUE_BE_A_REPRESENTATIVE_SAMPLE_MEAN_OF_THIS_SOURCE?"
[1] "(TRUE,        1): REJECT H1: that true mean of X is not equal to [0]; mean is [ -0.0000]?"
------------------------------------------------------------------------
[1] "WRT RESIDUALS:"
[1] "ARE_THEY_NORMALLY_DISTRIBUTED?"
[1] "(TRUE,  0.10461): REJECT H1 -- which claims X is NOT normally distributed"
------------------------------------------------------------------------
[1] "WRT RESIDUALS:"
[1] "RESIDUAL OUTLIER ANALYSIS"
[1] "NUMBER OF SIGMA LEVELS USED: 3 SIGMAS (99.9%)"
[1] "NUMBER OF OUTLIER RESIDUALS: 1 (0.69% of samples)"
[1] "SAMPLES ASSOC. W/ OUTLIERS :  144"
------------------------------------------------------------------------
[1] "WRT RESIDUALS:"
[1] "ARE_VARIANCES_EQUAL?"
[1] "(TRUE,  0.17114): REJECT H1 -- which claims ratio of variances is NOT 1"
------------------------------------------------------------------------
[1] "WRT RESIDUALS:"
[1] "COULD_THERE_BE_PREDICTIVE_POWER_REMAINING_IN_THE_RESIDUALS?"
[1] "(FALSE,   0): THAT IS, REJECT H1=[THERE IS A STATISTICALLY SIGNIFICANT RELATIONSHIP BETWEEN RESIDUALS ACROSS NEARBY LAGS] "
------------------------------------------------------------------------
[1] "WRT RESIDUALS:"
[1] "ARE_THERE_RUNLENGTH_PATTERNS_IN_THE_RESIDUALS?"
[1] "(FALSE, 0) NO RUNLENGTHS OF LENGTH GREATER THAN 3 FOUND"
------------------------------------------------------------------------
[1] "WRT PREDICTED VALUES:"
[1] "ARE PREDICTED AND TRUE VALUES REPRESENTATIVE OF A SIMILAR ENOUGH SOURCES?"
[1] "ARE_THESE_REPRESENTATIVE_OF_SAME_SOURCE?"
[1] "(TRUE,        1): REJECT H1: where H1 is, that true difference in means is NOT zero & both from different source"
------------------------------------------------------------------------
[1] "PDF file plot_regression_basis_diagnostics.pdf was generated w/ basic intuition about the regression"
------------------------------------------------------------------------
[1] "PDF file plot_regression_residuals_diagnostics.pdf was generated w/ technical data about residuals"



------------------------------------------------------------------------
[1] "FORMULA:"
Hwt ~ Bwt
<environment: 0xe09babc>
------------------------------------------------------------------------
[1] "COEFFICIENTS"
(Intercept)         Bwt 
     -0.357       4.034 
------------------------------------------------------------------------
[1] "CONFIDENCE LEVEL"
            2.5 % 97.5 %
(Intercept) -1.71   1.00
Bwt          3.54   4.52
------------------------------------------------------------------------

Call:
glm(formula = Y ~ ., data = XY_TEST)

Deviance Residuals: 
   Min      1Q  Median      3Q     Max  
-3.569  -0.963  -0.092   1.043   5.124  

Coefficients:
            Estimate Std. Error t value Pr(>|t|)    
(Intercept)   -0.357      0.692   -0.52     0.61    
Bwt            4.034      0.250   16.12   <2e-16 ***
---
Signif. codes:  0 ‘***’ 0.001 ‘**’ 0.01 ‘*’ 0.05 ‘.’ 0.1 ‘ ’ 1

(Dispersion parameter for gaussian family taken to be 2.11)

    Null deviance: 847.63  on 143  degrees of freedom
Residual deviance: 299.53  on 142  degrees of freedom
AIC: 520.1

Number of Fisher Scoring iterations: 2





------------------------------------------------------------------------
[1] "FORMULA:"
Hwt ~ Bwt
<environment: 0xe09babc>
------------------------------------------------------------------------
[1] "COEFFICIENTS"
(Intercept)         Bwt 
     -0.357       4.034 
------------------------------------------------------------------------
[1] "CONFIDENCE LEVEL"
            2.5 % 97.5 %
(Intercept) -1.73   1.01
Bwt          3.54   4.53
------------------------------------------------------------------------

Call:
lm(formula = FORMULA, data = DATA)

Residuals:
   Min     1Q Median     3Q    Max 
-3.569 -0.963 -0.092  1.043  5.124 

Coefficients:
            Estimate Std. Error t value Pr(>|t|)    
(Intercept)   -0.357      0.692   -0.52     0.61    
Bwt            4.034      0.250   16.12   <2e-16 ***
---
Signif. codes:  0 ‘***’ 0.001 ‘**’ 0.01 ‘*’ 0.05 ‘.’ 0.1 ‘ ’ 1

Residual standard error: 1.45 on 142 degrees of freedom
Multiple R-squared:  0.647,	Adjusted R-squared:  0.644 
F-statistic:  260 on 1 and 142 DF,  p-value: <2e-16


[1] "AVG(MSE) [NFOLD=10, NS=14/FOLD]=1.34 +/- 1.38"
------------------------------------------------------------------------




















------------------------------------------------------------------------
------------------------------------------------------------------------
        ----------------------------------------------------------------
[1] "DF STATS: 1000x4 [data.frame w/ 4 elems]"

------------------------------------------------------------------------
       X1               X2              X3              X4       
 Min.   :-2.821   Min.   :-3.14   Min.   :-3.37   Min.   :-3.39  
 1st Qu.:-0.689   1st Qu.:-0.68   1st Qu.:-0.67   1st Qu.:-0.68  
 Median :-0.016   Median :-0.04   Median : 0.02   Median : 0.03  
 Mean   : 0.000   Mean   : 0.00   Mean   : 0.00   Mean   : 0.00  
 3rd Qu.: 0.687   3rd Qu.: 0.66   3rd Qu.: 0.66   3rd Qu.: 0.66  
 Max.   : 2.833   Max.   : 3.95   Max.   : 3.82   Max.   : 3.68  
------------------------------------------------------------------------

------------------------------------------------------------------------
[1] "FORMULA:"
[1] "X4 ~  X1 + X2 + X3 "

------------------------------------------------------------------------
[1] "VERIFY: LINEAR_MODEL_ASSUMPTIONS"
------------------------------------------------------------------------
------------------------------------------------------------------------
[1] "WRT SAMPLES:"
[1] "X1"
[1] "ARE_SAMPLES_MEANINGFULLY_CORRELATED?"
[1] "(FALSE, 0.0012672): REJECT H1: where H1 is, that true correlation [Pearson's product-moment correlation,two.sided] is NOT equal to 0"
[1] "X2"
[1] "ARE_SAMPLES_MEANINGFULLY_CORRELATED?"
[1] "(FALSE, 0.0020706): REJECT H1: where H1 is, that true correlation [Pearson's product-moment correlation,two.sided] is NOT equal to 0"
[1] "X3"
[1] "ARE_SAMPLES_MEANINGFULLY_CORRELATED?"
[1] "(TRUE,        0): ACCEPT H1: where H1 is, that true correlation [Pearson's product-moment correlation,two.sided] is NOT equal to 0"
------------------------------------------------------------------------
[1] "WRT RESIDUALS:"
[1] "COULD_THIS_VALUE_BE_A_REPRESENTATIVE_SAMPLE_MEAN_OF_THIS_SOURCE?"
[1] "(TRUE,        1): REJECT H1: that true mean of X is not equal to [0]; mean is [ -0.0000]?"
------------------------------------------------------------------------
[1] "WRT RESIDUALS:"
[1] "ARE_THEY_NORMALLY_DISTRIBUTED?"
[1] "(TRUE,  0.85234): REJECT H1 -- which claims X is NOT normally distributed"
------------------------------------------------------------------------
[1] "WRT RESIDUALS:"
[1] "RESIDUAL OUTLIER ANALYSIS"
[1] "NUMBER OF SIGMA LEVELS USED: 3 SIGMAS (99.9%)"
[1] "NUMBER OF OUTLIER RESIDUALS: 4 (0.40% of samples)"
[1] "SAMPLES ASSOC. W/ OUTLIERS :  19 126 716 794"
------------------------------------------------------------------------
[1] "WRT RESIDUALS:"
[1] "ARE_VARIANCES_EQUAL?"
[1] "(TRUE,  0.50439): REJECT H1 -- which claims ratio of variances is NOT 1"
------------------------------------------------------------------------
[1] "WRT RESIDUALS:"
[1] "COULD_THERE_BE_PREDICTIVE_POWER_REMAINING_IN_THE_RESIDUALS?"
[1] "(FALSE,   0): THAT IS, REJECT H1=[THERE IS A STATISTICALLY SIGNIFICANT RELATIONSHIP BETWEEN RESIDUALS ACROSS NEARBY LAGS] "
------------------------------------------------------------------------
[1] "WRT RESIDUALS:"
[1] "ARE_THERE_RUNLENGTH_PATTERNS_IN_THE_RESIDUALS?"
[1] "(FALSE, 0) NO RUNLENGTHS OF LENGTH GREATER THAN 3 FOUND"
------------------------------------------------------------------------
[1] "WRT PREDICTED VALUES:"
[1] "ARE PREDICTED AND TRUE VALUES REPRESENTATIVE OF A SIMILAR ENOUGH SOURCES?"
[1] "ARE_THESE_REPRESENTATIVE_OF_SAME_SOURCE?"
[1] "(TRUE,        1): REJECT H1: where H1 is, that true difference in means is NOT zero & both from different source"
------------------------------------------------------------------------
[1] "PDF file plot_regression_basis_diagnostics.pdf was generated w/ basic intuition about the regression"
------------------------------------------------------------------------
[1] "PDF file plot_regression_residuals_diagnostics.pdf was generated w/ technical data about residuals"



------------------------------------------------------------------------
[1] "FORMULA:"
X4 ~ X1 + X2 + X3
<environment: 0x13254f7c>
------------------------------------------------------------------------
[1] "COEFFICIENTS"
(Intercept)          X1          X2          X3 
  -6.95e-16    1.00e-01    2.93e-02    9.92e-01 
------------------------------------------------------------------------
[1] "CONFIDENCE LEVEL"
              2.5 % 97.5 %
(Intercept) -0.0003 0.0003
X1           0.0997 0.1003
X2           0.0290 0.0296
X3           0.9921 0.9927
------------------------------------------------------------------------

Call:
glm(formula = Y ~ ., data = XY_TEST)

Deviance Residuals: 
      Min         1Q     Median         3Q        Max  
-0.017339  -0.003169   0.000089   0.003282   0.014907  

Coefficients:
             Estimate Std. Error t value Pr(>|t|)    
(Intercept) -6.95e-16   1.53e-04       0        1    
X1           1.00e-01   1.53e-04     653   <2e-16 ***
X2           2.93e-02   1.53e-04     191   <2e-16 ***
X3           9.92e-01   1.53e-04    6471   <2e-16 ***
---
Signif. codes:  0 ‘***’ 0.001 ‘**’ 0.01 ‘*’ 0.05 ‘.’ 0.1 ‘ ’ 1

(Dispersion parameter for gaussian family taken to be 2.34e-05)

    Null deviance: 999.000000  on 999  degrees of freedom
Residual deviance:   0.023297  on 996  degrees of freedom
AIC: -7819

Number of Fisher Scoring iterations: 2





------------------------------------------------------------------------
[1] "FORMULA:"
X4 ~ X1 + X2 + X3
<environment: 0x13254f7c>
------------------------------------------------------------------------
[1] "COEFFICIENTS"
(Intercept)          X1          X2          X3 
  -6.95e-16    1.00e-01    2.93e-02    9.92e-01 
------------------------------------------------------------------------
[1] "CONFIDENCE LEVEL"
              2.5 % 97.5 %
(Intercept) -0.0003 0.0003
X1           0.0997 0.1003
X2           0.0290 0.0296
X3           0.9921 0.9927
------------------------------------------------------------------------

Call:
lm(formula = FORMULA, data = DATA)

Residuals:
      Min        1Q    Median        3Q       Max 
-0.017339 -0.003169  0.000089  0.003282  0.014907 

Coefficients:
             Estimate Std. Error t value Pr(>|t|)    
(Intercept) -6.95e-16   1.53e-04       0        1    
X1           1.00e-01   1.53e-04     653   <2e-16 ***
X2           2.93e-02   1.53e-04     191   <2e-16 ***
X3           9.92e-01   1.53e-04    6471   <2e-16 ***
---
Signif. codes:  0 ‘***’ 0.001 ‘**’ 0.01 ‘*’ 0.05 ‘.’ 0.1 ‘ ’ 1

Residual standard error: 0.00484 on 996 degrees of freedom
Multiple R-squared:     1,	Adjusted R-squared:     1 
F-statistic: 1.42e+07 on 3 and 996 DF,  p-value: <2e-16


[1] "AVG(MSE) [NFOLD=10, NS=100/FOLD]=2.93e-05 +/- 1.62e-05"
------------------------------------------------------------------------




















------------------------------------------------------------------------
------------------------------------------------------------------------
        ----------------------------------------------------------------
[1] "DF STATS: 199x7 [data.frame w/ 7 elems]"

------------------------------------------------------------------------
  CurrentMilk        Previous           Fat           Protein           Days          Lactation          I79       
 Min.   :-2.803   Min.   :-2.716   Min.   :-2.20   Min.   :-3.45   Min.   :-1.963   Min.   :-0.84   Min.   :-2.37  
 1st Qu.:-0.597   1st Qu.:-0.572   1st Qu.:-0.66   1st Qu.:-0.52   1st Qu.:-0.733   1st Qu.:-0.84   1st Qu.: 0.42  
 Median :-0.045   Median :-0.036   Median :-0.14   Median : 0.03   Median :-0.089   Median :-0.16   Median : 0.42  
 Mean   : 0.000   Mean   : 0.000   Mean   : 0.00   Mean   : 0.00   Mean   : 0.000   Mean   : 0.00   Mean   : 0.00  
 3rd Qu.: 0.672   3rd Qu.: 0.619   3rd Qu.: 0.43   3rd Qu.: 0.39   3rd Qu.: 0.783   3rd Qu.: 0.52   3rd Qu.: 0.42  
 Max.   : 2.658   Max.   : 2.465   Max.   : 4.20   Max.   :10.47   Max.   : 2.137   Max.   : 3.94   Max.   : 0.42  
------------------------------------------------------------------------

------------------------------------------------------------------------
[1] "FORMULA:"
[1] "CurrentMilk ~  Protein + Days "

------------------------------------------------------------------------
[1] "VERIFY: LINEAR_MODEL_ASSUMPTIONS"
------------------------------------------------------------------------
------------------------------------------------------------------------
[1] "WRT SAMPLES:"
[1] "Protein"
[1] "ARE_SAMPLES_MEANINGFULLY_CORRELATED?"
[1] "(TRUE, 2.6803e-07): ACCEPT H1: where H1 is, that true correlation [Pearson's product-moment correlation,two.sided] is NOT equal to 0"
[1] "Days"
[1] "ARE_SAMPLES_MEANINGFULLY_CORRELATED?"
[1] "(TRUE, 3.1257e-12): ACCEPT H1: where H1 is, that true correlation [Pearson's product-moment correlation,two.sided] is NOT equal to 0"
------------------------------------------------------------------------
[1] "WRT RESIDUALS:"
[1] "COULD_THIS_VALUE_BE_A_REPRESENTATIVE_SAMPLE_MEAN_OF_THIS_SOURCE?"
[1] "(TRUE,        1): REJECT H1: that true mean of X is not equal to [0]; mean is [  0.0000]?"
------------------------------------------------------------------------
[1] "WRT RESIDUALS:"
[1] "ARE_THEY_NORMALLY_DISTRIBUTED?"
[1] "(TRUE,  0.24251): REJECT H1 -- which claims X is NOT normally distributed"
------------------------------------------------------------------------
[1] "WRT RESIDUALS:"
[1] "RESIDUAL OUTLIER ANALYSIS"
[1] "NUMBER OF SIGMA LEVELS USED: 3 SIGMAS (99.9%)"
[1] "NUMBER OF OUTLIER RESIDUALS: 1 (0.50% of samples)"
[1] "SAMPLES ASSOC. W/ OUTLIERS :  190"
------------------------------------------------------------------------
[1] "WRT RESIDUALS:"
[1] "ARE_VARIANCES_EQUAL?"
[1] "(TRUE,  0.99955): REJECT H1 -- which claims ratio of variances is NOT 1"
------------------------------------------------------------------------
[1] "WRT RESIDUALS:"
[1] "COULD_THERE_BE_PREDICTIVE_POWER_REMAINING_IN_THE_RESIDUALS?"
[1] "(FALSE,   0): THAT IS, REJECT H1=[THERE IS A STATISTICALLY SIGNIFICANT RELATIONSHIP BETWEEN RESIDUALS ACROSS NEARBY LAGS] "
------------------------------------------------------------------------
[1] "WRT RESIDUALS:"
[1] "ARE_THERE_RUNLENGTH_PATTERNS_IN_THE_RESIDUALS?"
[1] "(FALSE, 0) NO RUNLENGTHS OF LENGTH GREATER THAN 3 FOUND"
------------------------------------------------------------------------
[1] "WRT PREDICTED VALUES:"
[1] "ARE PREDICTED AND TRUE VALUES REPRESENTATIVE OF A SIMILAR ENOUGH SOURCES?"
[1] "ARE_THESE_REPRESENTATIVE_OF_SAME_SOURCE?"
[1] "(TRUE,        1): REJECT H1: where H1 is, that true difference in means is NOT zero & both from different source"
------------------------------------------------------------------------
[1] "PDF file plot_regression_basis_diagnostics.pdf was generated w/ basic intuition about the regression"
------------------------------------------------------------------------
[1] "PDF file plot_regression_residuals_diagnostics.pdf was generated w/ technical data about residuals"



------------------------------------------------------------------------
[1] "FORMULA:"
CurrentMilk ~ Protein + Days
<environment: 0x121a7de8>
------------------------------------------------------------------------
[1] "COEFFICIENTS"
(Intercept)     Protein        Days 
   1.32e-15   -3.27e-01   -4.48e-01 
------------------------------------------------------------------------
[1] "CONFIDENCE LEVEL"
             2.5 % 97.5 %
(Intercept) -0.115  0.115
Protein     -0.443 -0.212
Days        -0.563 -0.333
------------------------------------------------------------------------

Call:
glm(formula = Y ~ ., data = XY_TEST)

Deviance Residuals: 
   Min      1Q  Median      3Q     Max  
-2.740  -0.556   0.112   0.511   2.080  

Coefficients:
             Estimate Std. Error t value Pr(>|t|)    
(Intercept)  1.32e-15   5.85e-02    0.00        1    
Protein     -3.27e-01   5.88e-02   -5.57  8.2e-08 ***
Days        -4.48e-01   5.88e-02   -7.63  1.0e-12 ***
---
Signif. codes:  0 ‘***’ 0.001 ‘**’ 0.01 ‘*’ 0.05 ‘.’ 0.1 ‘ ’ 1

(Dispersion parameter for gaussian family taken to be 0.681)

    Null deviance: 198.00  on 198  degrees of freedom
Residual deviance: 133.46  on 196  degrees of freedom
AIC: 493.2

Number of Fisher Scoring iterations: 2





------------------------------------------------------------------------
[1] "FORMULA:"
CurrentMilk ~ Protein + Days
<environment: 0x121a7de8>
------------------------------------------------------------------------
[1] "COEFFICIENTS"
(Intercept)     Protein        Days 
   1.32e-15   -3.27e-01   -4.48e-01 
------------------------------------------------------------------------
[1] "CONFIDENCE LEVEL"
             2.5 % 97.5 %
(Intercept) -0.115  0.115
Protein     -0.443 -0.212
Days        -0.564 -0.332
------------------------------------------------------------------------

Call:
lm(formula = FORMULA, data = DATA)

Residuals:
   Min     1Q Median     3Q    Max 
-2.740 -0.556  0.112  0.511  2.080 

Coefficients:
             Estimate Std. Error t value Pr(>|t|)    
(Intercept)  1.32e-15   5.85e-02    0.00        1    
Protein     -3.27e-01   5.88e-02   -5.57  8.2e-08 ***
Days        -4.48e-01   5.88e-02   -7.63  1.0e-12 ***
---
Signif. codes:  0 ‘***’ 0.001 ‘**’ 0.01 ‘*’ 0.05 ‘.’ 0.1 ‘ ’ 1

Residual standard error: 0.825 on 196 degrees of freedom
Multiple R-squared:  0.326,	Adjusted R-squared:  0.319 
F-statistic: 47.4 on 2 and 196 DF,  p-value: <2e-16


[1] "AVG(MSE) [NFOLD=10, NS=19/FOLD]=0.515 +/- 0.582"
------------------------------------------------------------------------
