[1] "V[1] = rnorm( 1000 1 0.1 )"
[1] "V[2] = rnorm( 1000 5 0.1 )"
[1] "V[3] = rnorm( 1000 9 0.1 )"
------------------------------------------------------------------------
------------------------------------------------------------------------
------------------------------------------------------------------------
 num [1:1000, 1:3] 2.0545 -0.2436 -0.0637 -0.9104 0.7365 ...
 - attr(*, "dimnames")=List of 2
  ..$ : chr [1:1000] "1" "2" "3" "4" ...
  ..$ : chr [1:3] "X1" "X2" "X3"
 - attr(*, "scaled:center")= Named num [1:3] 1 5.01 9
  ..- attr(*, "names")= chr [1:3] "X1" "X2" "X3"
 - attr(*, "scaled:scale")= Named num [1:3] 0.1015 0.1006 0.0964
  ..- attr(*, "names")= chr [1:3] "X1" "X2" "X3"
[1] "USING RANDOM SAMPLES AS CENTROIDS"
[1] "PDF FILE: plot_clustering_methods_cluster_assignments.pdf shows cluster assignments at each iteration"
[1] "JCOST [CLUSTER:    c1, AT ITER=    1; A CLUSTER WITH   311 SAMPLES ASSIGNED] = 2174.6894 --> JCOST (TOTAL) = 2174.6894 WITHIN =   6.9926"
[1] "JCOST [CLUSTER:    c2, AT ITER=    1; A CLUSTER WITH   249 SAMPLES ASSIGNED] = 1165.4414 --> JCOST (TOTAL) = 3340.1308 WITHIN =   4.6805"
[1] "JCOST [CLUSTER:    c3, AT ITER=    1; A CLUSTER WITH   440 SAMPLES ASSIGNED] = 3140.9514 --> JCOST (TOTAL) = 6481.0822 WITHIN =   7.1385"
[1] "JCOST [OVERALL AT ITER=    1 ] =   6.4811"
------------------------------------------------------------------------



------------------------------------------------------------------------
[1] "ITER:  1   1 DELTA= 3.552;   2 DELTA= 4.645;   3 DELTA=-0.400; "
        ----------------------------------------------------------------
      X1    X2     X3
c1  0.18 -1.07  0.021
c2  0.99  0.39  0.276
c3 -0.68  0.54 -0.171
        ----------------------------------------------------------------
[1] "JCOST [CLUSTER:    c1, AT ITER=    2; A CLUSTER WITH   306 SAMPLES ASSIGNED] =   2.0619 --> JCOST (TOTAL) =   2.0619 WITHIN =   0.0067"
[1] "JCOST [CLUSTER:    c2, AT ITER=    2; A CLUSTER WITH   291 SAMPLES ASSIGNED] =   4.2459 --> JCOST (TOTAL) =   6.3077 WITHIN =   0.0146"
[1] "JCOST [CLUSTER:    c3, AT ITER=    2; A CLUSTER WITH   403 SAMPLES ASSIGNED] =   3.6139 --> JCOST (TOTAL) =   9.9217 WITHIN =   0.0090"
[1] "JCOST [OVERALL AT ITER=    2 ] =   0.0099"
------------------------------------------------------------------------



------------------------------------------------------------------------
[1] "ITER:  2   1 DELTA= 0.083;   2 DELTA= 0.218;   3 DELTA=-0.137; "
        ----------------------------------------------------------------
       X1    X2      X3
c1  0.096 -1.09 -0.0082
c2  0.964  0.51  0.2404
c3 -0.769  0.46 -0.1673
        ----------------------------------------------------------------
[1] "JCOST [CLUSTER:    c1, AT ITER=    3; A CLUSTER WITH   306 SAMPLES ASSIGNED] =   1.7300 --> JCOST (TOTAL) =   1.7300 WITHIN =   0.0057"
[1] "JCOST [CLUSTER:    c2, AT ITER=    3; A CLUSTER WITH   306 SAMPLES ASSIGNED] =   4.0400 --> JCOST (TOTAL) =   5.7700 WITHIN =   0.0132"
[1] "JCOST [CLUSTER:    c3, AT ITER=    3; A CLUSTER WITH   388 SAMPLES ASSIGNED] =   6.1109 --> JCOST (TOTAL) =  11.8810 WITHIN =   0.0157"
[1] "JCOST [OVERALL AT ITER=    3 ] =   0.0119"
------------------------------------------------------------------------



------------------------------------------------------------------------
[1] "ITER:  3   1 DELTA= 0.015;   2 DELTA= 0.085;   3 DELTA=-0.059; "
        ----------------------------------------------------------------
      X1    X2     X3
c1  0.10 -1.09 -0.019
c2  0.93  0.56  0.203
c3 -0.82  0.42 -0.145
        ----------------------------------------------------------------
[1] "JCOST [CLUSTER:    c1, AT ITER=    4; A CLUSTER WITH   310 SAMPLES ASSIGNED] =   4.5293 --> JCOST (TOTAL) =   4.5293 WITHIN =   0.0146"
[1] "JCOST [CLUSTER:    c2, AT ITER=    4; A CLUSTER WITH   315 SAMPLES ASSIGNED] =   1.4136 --> JCOST (TOTAL) =   5.9428 WITHIN =   0.0045"
[1] "JCOST [CLUSTER:    c3, AT ITER=    4; A CLUSTER WITH   375 SAMPLES ASSIGNED] =   5.9433 --> JCOST (TOTAL) =  11.8862 WITHIN =   0.0158"
[1] "JCOST [OVERALL AT ITER=    4 ] =   0.0119"
------------------------------------------------------------------------



------------------------------------------------------------------------
[1] "ITER:  4   1 DELTA= 0.023;   2 DELTA= 0.052;   3 DELTA=-0.050; "
        ----------------------------------------------------------------
      X1    X2     X3
c1  0.12 -1.08 -0.013
c2  0.90  0.59  0.160
c3 -0.85  0.40 -0.124
        ----------------------------------------------------------------
[1] "JCOST [CLUSTER:    c1, AT ITER=    5; A CLUSTER WITH   313 SAMPLES ASSIGNED] =   4.4368 --> JCOST (TOTAL) =   4.4368 WITHIN =   0.0142"
[1] "JCOST [CLUSTER:    c2, AT ITER=    5; A CLUSTER WITH   317 SAMPLES ASSIGNED] =   1.4511 --> JCOST (TOTAL) =   5.8879 WITHIN =   0.0046"
[1] "JCOST [CLUSTER:    c3, AT ITER=    5; A CLUSTER WITH   370 SAMPLES ASSIGNED] =   5.8738 --> JCOST (TOTAL) =  11.7617 WITHIN =   0.0159"
[1] "JCOST [OVERALL AT ITER=    5 ] =   0.0118"
------------------------------------------------------------------------



------------------------------------------------------------------------
[1] "ITER:  5   1 DELTA= 0.014;   2 DELTA= 0.011;   3 DELTA=-0.017; "
        ----------------------------------------------------------------
      X1    X2      X3
c1  0.15 -1.07  0.0021
c2  0.88  0.61  0.1298
c3 -0.88  0.39 -0.1130
        ----------------------------------------------------------------
[1] "JCOST [CLUSTER:    c1, AT ITER=    6; A CLUSTER WITH   313 SAMPLES ASSIGNED] =   4.3077 --> JCOST (TOTAL) =   4.3077 WITHIN =   0.0138"
[1] "JCOST [CLUSTER:    c2, AT ITER=    6; A CLUSTER WITH   318 SAMPLES ASSIGNED] =   1.4803 --> JCOST (TOTAL) =   5.7881 WITHIN =   0.0047"
[1] "JCOST [CLUSTER:    c3, AT ITER=    6; A CLUSTER WITH   369 SAMPLES ASSIGNED] =   5.8339 --> JCOST (TOTAL) =  11.6220 WITHIN =   0.0158"
[1] "JCOST [OVERALL AT ITER=    6 ] =   0.0116"
------------------------------------------------------------------------



------------------------------------------------------------------------
[1] "ITER:  6   1 DELTA= 0.001;   2 DELTA= 0.005;   3 DELTA=-0.004; "
        ----------------------------------------------------------------
      X1    X2      X3
c1  0.16 -1.07  0.0077
c2  0.87  0.62  0.1132
c3 -0.89  0.38 -0.1041
        ----------------------------------------------------------------
[1] "JCOST [CLUSTER:    c1, AT ITER=    7; A CLUSTER WITH   310 SAMPLES ASSIGNED] =   4.2692 --> JCOST (TOTAL) =   4.2692 WITHIN =   0.0138"
[1] "JCOST [CLUSTER:    c2, AT ITER=    7; A CLUSTER WITH   318 SAMPLES ASSIGNED] =   1.4869 --> JCOST (TOTAL) =   5.7561 WITHIN =   0.0047"
[1] "JCOST [CLUSTER:    c3, AT ITER=    7; A CLUSTER WITH   372 SAMPLES ASSIGNED] =   5.7971 --> JCOST (TOTAL) =  11.5532 WITHIN =   0.0156"
[1] "JCOST [OVERALL AT ITER=    7 ] =   0.0116"
------------------------------------------------------------------------



------------------------------------------------------------------------
[1] "ITER:  7   1 DELTA=-0.017;   2 DELTA=-0.000;   3 DELTA= 0.012; "
        ----------------------------------------------------------------
      X1    X2     X3
c1  0.18 -1.08  0.019
c2  0.87  0.63  0.092
c3 -0.89  0.36 -0.095
        ----------------------------------------------------------------
[1] "JCOST [CLUSTER:    c1, AT ITER=    8; A CLUSTER WITH   308 SAMPLES ASSIGNED] =   4.2308 --> JCOST (TOTAL) =   4.2308 WITHIN =   0.0137"
[1] "JCOST [CLUSTER:    c2, AT ITER=    8; A CLUSTER WITH   319 SAMPLES ASSIGNED] =   1.4954 --> JCOST (TOTAL) =   5.7262 WITHIN =   0.0047"
[1] "JCOST [CLUSTER:    c3, AT ITER=    8; A CLUSTER WITH   373 SAMPLES ASSIGNED] =   5.7498 --> JCOST (TOTAL) =  11.4760 WITHIN =   0.0154"
[1] "JCOST [OVERALL AT ITER=    8 ] =   0.0115"
------------------------------------------------------------------------



------------------------------------------------------------------------
[1] "ITER:  8   1 DELTA=-0.011;   2 DELTA= 0.005;   3 DELTA= 0.004; "
        ----------------------------------------------------------------
      X1    X2     X3
c1  0.18 -1.08  0.024
c2  0.87  0.63  0.079
c3 -0.89  0.36 -0.088
        ----------------------------------------------------------------
[1] "JCOST [CLUSTER:    c1, AT ITER=    9; A CLUSTER WITH   306 SAMPLES ASSIGNED] =   4.2188 --> JCOST (TOTAL) =   4.2188 WITHIN =   0.0138"
[1] "JCOST [CLUSTER:    c2, AT ITER=    9; A CLUSTER WITH   321 SAMPLES ASSIGNED] =   1.5079 --> JCOST (TOTAL) =   5.7267 WITHIN =   0.0047"
[1] "JCOST [CLUSTER:    c3, AT ITER=    9; A CLUSTER WITH   373 SAMPLES ASSIGNED] =   5.7332 --> JCOST (TOTAL) =  11.4599 WITHIN =   0.0154"
[1] "JCOST [OVERALL AT ITER=    9 ] =   0.0115"
------------------------------------------------------------------------



------------------------------------------------------------------------
[1] "ITER:  9   1 DELTA=-0.010;   2 DELTA= 0.009;   3 DELTA= 0.001; "
        ----------------------------------------------------------------
      X1    X2     X3
c1  0.19 -1.08  0.023
c2  0.86  0.63  0.071
c3 -0.90  0.34 -0.080
        ----------------------------------------------------------------
[1] "JCOST [CLUSTER:    c1, AT ITER=   10; A CLUSTER WITH   302 SAMPLES ASSIGNED] =   4.1688 --> JCOST (TOTAL) =   4.1688 WITHIN =   0.0138"
[1] "JCOST [CLUSTER:    c2, AT ITER=   10; A CLUSTER WITH   322 SAMPLES ASSIGNED] =   1.5201 --> JCOST (TOTAL) =   5.6889 WITHIN =   0.0047"
[1] "JCOST [CLUSTER:    c3, AT ITER=   10; A CLUSTER WITH   376 SAMPLES ASSIGNED] =   5.6862 --> JCOST (TOTAL) =  11.3751 WITHIN =   0.0151"
[1] "JCOST [OVERALL AT ITER=   10 ] =   0.0114"
------------------------------------------------------------------------



------------------------------------------------------------------------
[1] "ITER:  10   1 DELTA=-0.025;   2 DELTA= 0.005;   3 DELTA= 0.013; "
        ----------------------------------------------------------------
      X1    X2     X3
c1  0.22 -1.09  0.025
c2  0.85  0.64  0.064
c3 -0.90  0.33 -0.074
        ----------------------------------------------------------------
[1] "JCOST [CLUSTER:    c1, AT ITER=   11; A CLUSTER WITH   299 SAMPLES ASSIGNED] =   4.0994 --> JCOST (TOTAL) =   4.0994 WITHIN =   0.0137"
[1] "JCOST [CLUSTER:    c2, AT ITER=   11; A CLUSTER WITH   324 SAMPLES ASSIGNED] =   1.5418 --> JCOST (TOTAL) =   5.6412 WITHIN =   0.0048"
[1] "JCOST [CLUSTER:    c3, AT ITER=   11; A CLUSTER WITH   377 SAMPLES ASSIGNED] =   5.6361 --> JCOST (TOTAL) =  11.2773 WITHIN =   0.0149"
[1] "JCOST [OVERALL AT ITER=   11 ] =   0.0113"
------------------------------------------------------------------------



------------------------------------------------------------------------
[1] "ITER:  11   1 DELTA=-0.017;   2 DELTA= 0.009;   3 DELTA= 0.004; "
        ----------------------------------------------------------------
      X1    X2     X3
c1  0.23 -1.09  0.020
c2  0.84  0.64  0.064
c3 -0.90  0.32 -0.071
        ----------------------------------------------------------------
[1] "JCOST [CLUSTER:    c1, AT ITER=   12; A CLUSTER WITH   299 SAMPLES ASSIGNED] =   4.0663 --> JCOST (TOTAL) =   4.0663 WITHIN =   0.0136"
[1] "JCOST [CLUSTER:    c2, AT ITER=   12; A CLUSTER WITH   325 SAMPLES ASSIGNED] =   1.4011 --> JCOST (TOTAL) =   5.4674 WITHIN =   0.0043"
[1] "JCOST [CLUSTER:    c3, AT ITER=   12; A CLUSTER WITH   376 SAMPLES ASSIGNED] =   5.5914 --> JCOST (TOTAL) =  11.0589 WITHIN =   0.0149"
[1] "JCOST [OVERALL AT ITER=   12 ] =   0.0111"
------------------------------------------------------------------------



------------------------------------------------------------------------
[1] "ITER:  12   1 DELTA=-0.000;   2 DELTA= 0.005;   3 DELTA=-0.004; "
        ----------------------------------------------------------------
      X1    X2     X3
c1  0.23 -1.09  0.020
c2  0.84  0.64  0.063
c3 -0.91  0.32 -0.070
        ----------------------------------------------------------------
[1] "JCOST [CLUSTER:    c1, AT ITER=   13; A CLUSTER WITH   299 SAMPLES ASSIGNED] =   4.0663 --> JCOST (TOTAL) =   4.0663 WITHIN =   0.0136"
[1] "JCOST [CLUSTER:    c2, AT ITER=   13; A CLUSTER WITH   326 SAMPLES ASSIGNED] =   1.4083 --> JCOST (TOTAL) =   5.4746 WITHIN =   0.0043"
[1] "JCOST [CLUSTER:    c3, AT ITER=   13; A CLUSTER WITH   375 SAMPLES ASSIGNED] =   5.5961 --> JCOST (TOTAL) =  11.0707 WITHIN =   0.0149"
[1] "JCOST [OVERALL AT ITER=   13 ] =   0.0111"
------------------------------------------------------------------------



------------------------------------------------------------------------
[1] "ITER:  13   1 DELTA= 0.000;   2 DELTA= 0.005;   3 DELTA=-0.004; "
        ----------------------------------------------------------------
      X1    X2     X3
c1  0.23 -1.09  0.020
c2  0.84  0.64  0.064
c3 -0.91  0.32 -0.071
        ----------------------------------------------------------------
[1] "JCOST [CLUSTER:    c1, AT ITER=   14; A CLUSTER WITH   299 SAMPLES ASSIGNED] =   4.0663 --> JCOST (TOTAL) =   4.0663 WITHIN =   0.0136"
[1] "JCOST [CLUSTER:    c2, AT ITER=   14; A CLUSTER WITH   326 SAMPLES ASSIGNED] =   1.4151 --> JCOST (TOTAL) =   5.4814 WITHIN =   0.0043"
[1] "JCOST [CLUSTER:    c3, AT ITER=   14; A CLUSTER WITH   375 SAMPLES ASSIGNED] =   5.5960 --> JCOST (TOTAL) =  11.0775 WITHIN =   0.0149"
[1] "JCOST [OVERALL AT ITER=   14 ] =   0.0111"
------------------------------------------------------------------------



------------------------------------------------------------------------
[1] "ITER:  14   1 DELTA= 0.000;   2 DELTA= 0.000;   3 DELTA= 0.000; "
        ----------------------------------------------------------------
      X1    X2     X3
c1  0.23 -1.09  0.020
c2  0.84  0.64  0.064
c3 -0.91  0.32 -0.071
        ----------------------------------------------------------------
------------------------------------------------------------------------



------------------------------------------------------------------------
[1] "CONVERGED (CENTROID MOVEMENT): ITER=    14 DELTA=  0.0000   0.0111 [EPSILON=0.001]"
[2] "CONVERGED (CENTROID MOVEMENT): ITER=    14 DELTA=  0.0000   0.0111 [EPSILON=0.001]"
[3] "CONVERGED (CENTROID MOVEMENT): ITER=    14 DELTA=  0.0000   0.0111 [EPSILON=0.001]"
    X1   X2 X3
c1 1.0 0.89  1
c2 5.1 5.07  5
c3 8.9 9.03  9
------------------------------------------------------------------------
------------------------------------------------------------------------
------------------------------------------------------------------------
[1] "PDF FILE: plot_clustering_methods_diagnostics.pdf provides with detailed diagnostics plots"
------------------------------------------------------------------------
------------------------------------------------------------------------
------------------------------------------------------------------------
------------------------------------------------------------------------
------------------------------------------------------------------------
------------------------------------------------------------------------
K-means clustering with 3 clusters of sizes 301, 360, 339

Cluster means:
         X1       X2       X3
1 1.1142754 5.024138 8.996159
2 0.9648341 4.925530 8.951545
3 0.9382724 5.076027 9.049589

Clustering vector:
   1    2    3    4    5    6    7    8    9   10   11   12   13   14   15   16 
   1    2    2    2    2    3    1    1    3    1    2    2    2    2    2    3 
  17   18   19   20   21   22   23   24   25   26   27   28   29   30   31   32 
   2    3    1    3    3    1    2    2    3    1    2    3    2    1    3    3 
  33   34   35   36   37   38   39   40   41   42   43   44   45   46   47   48 
   1    2    3    1    3    2    3    1    3    2    3    3    1    3    3    3 
  49   50   51   52   53   54   55   56   57   58   59   60   61   62   63   64 
   1    2    2    3    3    2    1    2    3    3    1    2    1    2    1    2 
  65   66   67   68   69   70   71   72   73   74   75   76   77   78   79   80 
   1    1    1    2    2    2    1    1    1    2    3    2    1    3    1    1 
  81   82   83   84   85   86   87   88   89   90   91   92   93   94   95   96 
   3    3    2    3    1    2    1    1    2    3    1    3    2    3    1    1 
  97   98   99  100  101  102  103  104  105  106  107  108  109  110  111  112 
   3    2    1    2    2    2    3    1    2    2    2    3    2    1    2    2 
 113  114  115  116  117  118  119  120  121  122  123  124  125  126  127  128 
   3    2    2    3    1    3    2    3    2    2    3    2    1    1    3    3 
 129  130  131  132  133  134  135  136  137  138  139  140  141  142  143  144 
   3    1    2    3    2    3    1    1    3    3    3    2    3    3    3    3 
 145  146  147  148  149  150  151  152  153  154  155  156  157  158  159  160 
   2    2    1    1    1    1    3    3    3    1    3    2    3    1    3    2 
 161  162  163  164  165  166  167  168  169  170  171  172  173  174  175  176 
   3    1    2    3    3    2    2    3    3    1    2    1    3    3    1    2 
 177  178  179  180  181  182  183  184  185  186  187  188  189  190  191  192 
   2    2    2    1    1    2    1    3    1    1    2    2    1    2    2    3 
 193  194  195  196  197  198  199  200  201  202  203  204  205  206  207  208 
   1    2    2    1    1    2    3    2    3    2    1    3    3    1    1    2 
 209  210  211  212  213  214  215  216  217  218  219  220  221  222  223  224 
   1    1    3    2    2    3    1    3    1    2    2    2    1    2    3    1 
 225  226  227  228  229  230  231  232  233  234  235  236  237  238  239  240 
   1    1    2    3    1    3    2    2    1    2    1    2    2    1    3    2 
 241  242  243  244  245  246  247  248  249  250  251  252  253  254  255  256 
   2    1    3    1    1    1    2    2    1    1    1    2    1    3    1    2 
 257  258  259  260  261  262  263  264  265  266  267  268  269  270  271  272 
   1    1    1    3    1    3    1    3    3    3    1    1    2    2    1    1 
 273  274  275  276  277  278  279  280  281  282  283  284  285  286  287  288 
   1    2    2    2    3    1    3    3    1    2    3    2    2    2    2    2 
 289  290  291  292  293  294  295  296  297  298  299  300  301  302  303  304 
   3    2    2    3    2    2    2    3    1    1    3    2    3    3    3    3 
 305  306  307  308  309  310  311  312  313  314  315  316  317  318  319  320 
   2    3    1    1    3    3    3    3    3    2    3    3    3    3    3    3 
 321  322  323  324  325  326  327  328  329  330  331  332  333  334  335  336 
   2    2    1    2    3    2    3    3    3    1    2    2    1    2    1    2 
 337  338  339  340  341  342  343  344  345  346  347  348  349  350  351  352 
   1    2    1    2    3    1    1    3    3    1    1    3    3    3    2    2 
 353  354  355  356  357  358  359  360  361  362  363  364  365  366  367  368 
   2    1    3    1    1    3    2    1    2    3    1    1    3    2    2    3 
 369  370  371  372  373  374  375  376  377  378  379  380  381  382  383  384 
   3    1    1    3    1    1    3    3    2    1    3    1    2    3    2    3 
 385  386  387  388  389  390  391  392  393  394  395  396  397  398  399  400 
   1    2    3    3    2    2    2    2    2    3    1    2    3    3    1    3 
 401  402  403  404  405  406  407  408  409  410  411  412  413  414  415  416 
   2    3    1    1    3    3    1    3    3    1    2    3    3    1    1    1 
 417  418  419  420  421  422  423  424  425  426  427  428  429  430  431  432 
   3    3    3    3    3    2    1    2    2    3    2    3    3    3    2    2 
 433  434  435  436  437  438  439  440  441  442  443  444  445  446  447  448 
   3    1    1    2    1    3    2    3    3    3    2    1    1    1    2    3 
 449  450  451  452  453  454  455  456  457  458  459  460  461  462  463  464 
   3    3    3    1    1    2    2    1    3    2    2    2    2    3    1    1 
 465  466  467  468  469  470  471  472  473  474  475  476  477  478  479  480 
   2    3    3    2    1    1    2    3    2    3    2    3    3    2    3    3 
 481  482  483  484  485  486  487  488  489  490  491  492  493  494  495  496 
   3    1    1    3    2    1    3    1    2    2    2    3    1    3    2    1 
 497  498  499  500  501  502  503  504  505  506  507  508  509  510  511  512 
   3    3    2    1    3    1    1    2    2    2    1    3    3    2    3    2 
 513  514  515  516  517  518  519  520  521  522  523  524  525  526  527  528 
   3    3    1    2    2    1    3    2    3    2    2    3    1    2    3    1 
 529  530  531  532  533  534  535  536  537  538  539  540  541  542  543  544 
   1    3    3    1    1    1    1    2    2    1    2    3    2    1    3    2 
 545  546  547  548  549  550  551  552  553  554  555  556  557  558  559  560 
   1    2    2    2    1    2    2    1    3    2    2    3    2    2    3    3 
 561  562  563  564  565  566  567  568  569  570  571  572  573  574  575  576 
   1    3    1    3    1    2    3    2    3    3    3    3    3    2    2    1 
 577  578  579  580  581  582  583  584  585  586  587  588  589  590  591  592 
   1    2    1    1    2    3    3    1    2    1    2    3    2    3    1    3 
 593  594  595  596  597  598  599  600  601  602  603  604  605  606  607  608 
   3    1    3    2    3    1    3    3    3    1    3    1    1    1    1    1 
 609  610  611  612  613  614  615  616  617  618  619  620  621  622  623  624 
   3    1    2    3    1    2    2    2    2    1    3    3    2    1    2    1 
 625  626  627  628  629  630  631  632  633  634  635  636  637  638  639  640 
   2    2    1    1    1    3    1    3    3    1    1    1    2    2    1    3 
 641  642  643  644  645  646  647  648  649  650  651  652  653  654  655  656 
   2    2    2    1    3    1    3    1    2    2    2    2    1    2    2    2 
 657  658  659  660  661  662  663  664  665  666  667  668  669  670  671  672 
   2    2    2    1    2    2    3    3    2    1    2    2    2    2    2    1 
 673  674  675  676  677  678  679  680  681  682  683  684  685  686  687  688 
   1    3    2    3    2    3    3    1    2    3    2    3    2    1    2    3 
 689  690  691  692  693  694  695  696  697  698  699  700  701  702  703  704 
   2    3    2    1    3    2    2    2    3    2    3    1    3    2    1    1 
 705  706  707  708  709  710  711  712  713  714  715  716  717  718  719  720 
   2    2    2    3    2    1    2    2    1    3    2    2    1    2    3    2 
 721  722  723  724  725  726  727  728  729  730  731  732  733  734  735  736 
   1    2    1    2    1    3    2    2    3    1    1    3    2    1    2    3 
 737  738  739  740  741  742  743  744  745  746  747  748  749  750  751  752 
   2    1    3    1    3    3    3    1    1    1    3    2    3    1    1    2 
 753  754  755  756  757  758  759  760  761  762  763  764  765  766  767  768 
   1    1    1    2    3    3    2    3    2    2    1    3    2    3    3    1 
 769  770  771  772  773  774  775  776  777  778  779  780  781  782  783  784 
   1    3    2    1    3    2    1    3    3    2    3    2    2    1    2    1 
 785  786  787  788  789  790  791  792  793  794  795  796  797  798  799  800 
   3    1    2    2    2    2    1    3    2    1    1    3    2    3    2    3 
 801  802  803  804  805  806  807  808  809  810  811  812  813  814  815  816 
   2    1    2    2    1    3    3    2    1    3    3    1    2    2    1    3 
 817  818  819  820  821  822  823  824  825  826  827  828  829  830  831  832 
   1    2    3    1    1    3    2    3    3    3    2    1    2    1    2    3 
 833  834  835  836  837  838  839  840  841  842  843  844  845  846  847  848 
   1    1    2    1    3    1    1    2    2    3    3    1    2    1    3    3 
 849  850  851  852  853  854  855  856  857  858  859  860  861  862  863  864 
   1    2    3    1    3    2    2    3    1    2    1    3    2    1    2    2 
 865  866  867  868  869  870  871  872  873  874  875  876  877  878  879  880 
   2    1    3    3    3    1    3    2    3    2    2    1    2    2    1    3 
 881  882  883  884  885  886  887  888  889  890  891  892  893  894  895  896 
   1    2    2    3    3    3    1    2    3    3    2    1    2    2    2    3 
 897  898  899  900  901  902  903  904  905  906  907  908  909  910  911  912 
   1    3    3    1    2    1    2    2    2    2    1    1    3    1    1    1 
 913  914  915  916  917  918  919  920  921  922  923  924  925  926  927  928 
   2    3    3    3    1    1    2    2    3    3    3    2    2    2    2    3 
 929  930  931  932  933  934  935  936  937  938  939  940  941  942  943  944 
   1    2    3    3    2    3    3    3    2    2    3    2    1    1    2    1 
 945  946  947  948  949  950  951  952  953  954  955  956  957  958  959  960 
   2    2    3    3    2    3    1    1    3    1    1    1    2    3    3    3 
 961  962  963  964  965  966  967  968  969  970  971  972  973  974  975  976 
   2    1    2    3    3    3    3    1    3    2    2    1    2    3    3    3 
 977  978  979  980  981  982  983  984  985  986  987  988  989  990  991  992 
   2    2    3    2    2    2    2    2    3    3    2    2    1    1    2    2 
 993  994  995  996  997  998  999 1000 
   3    1    3    1    3    1    3    2 

Within cluster sum of squares by cluster:
[1] 5.621624 6.534064 6.078051
 (between_SS / total_SS =  38.6 %)

Available components:

[1] "cluster"      "centers"      "totss"        "withinss"     "tot.withinss"
[6] "betweenss"    "size"         "iter"         "ifault"      
[1] 29.67331
------------------------------------------------------------------------
------------------------------------------------------------------------
------------------------------------------------------------------------



------------------------------------------------------------------------
------------------------------------------------------------------------
------------------------------------------------------------------------
