------------------------------------------------------------------------
[1] "X comprises: 500 samples sets from 5 normal random sources across a 2 dimensional space"
[1] "MU[1]=0.00" "MU[2]=1.00" "MU[3]=2.00" "MU[4]=3.00" "MU[5]=4.00"
[1] "SD[1]=0.30" "SD[2]=0.30" "SD[3]=0.30" "SD[4]=0.30" "SD[5]=0.30"
------------------------------------------------------------------------
------------------------------------------------------------------------
[1] "FINAL EPSILON= 0.122 NOISE THRESHOLD= 4 NOISE= 48 |C|= 4 SUM(WSS)= 941.19 AVG(WSS)= 1.48 AVG(ICD)= 1.67 METRIC= 956.36"
VISITED
  0   1   2   3   4 
 48 712 237 239  14 
------------------------------------------------------------------------

------------------------------------------------------------------------
[1] "FINAL EPSILON= 0.122 NOISE THRESHOLD= 8 NOISE= 56 |C|= 3 SUM(WSS)= 971.43 AVG(WSS)= 1.46 AVG(ICD)= 1.22 METRIC= 985.07"
VISITED
  0   1   2   3 
 56 721 232 241 
------------------------------------------------------------------------

------------------------------------------------------------------------
[1] "FINAL EPSILON= 0.167 NOISE THRESHOLD= 12 NOISE= 63 |C|= 4 SUM(WSS)= 959.7 AVG(WSS)= 1.44 AVG(ICD)= 1.18 METRIC= 976.2"
VISITED
  0   1   2   3   4 
 63 721 194 231  41 
------------------------------------------------------------------------

------------------------------------------------------------------------
[1] "FINAL EPSILON= 0.188 NOISE THRESHOLD= 16 NOISE= 56 |C|= 5 SUM(WSS)= 837.69 AVG(WSS)= 1.36 AVG(ICD)= 1.64 METRIC= 855.34"
VISITED
  0   1   2   3   4   5 
 56 682 190 231  48  43 
------------------------------------------------------------------------

------------------------------------------------------------------------
[1] "FINAL EPSILON= 0.233 NOISE THRESHOLD= 20 NOISE= 71 |C|= 7 SUM(WSS)= 73.78 AVG(WSS)= 0.4 AVG(ICD)= 1.48 METRIC= 90.5"
VISITED
  0   1   2   3   4   5   6   7 
 71 200 200 235 226 229  43  46 
------------------------------------------------------------------------

